V "4.8.7.0 Jul  6 2021"
R
C 3
= 0x55ab95b420e8
R
P 0x55ab95b420e8
S "model"
S "true"
C 5
R
P 0x55ab95b420e8
C 6
= 0x55ab95b42158
R
P 0x55ab95b420e8
C 4
R
P 0x55ab95b42158
C 430
= 0x55ab95b88e98
R
P 0x55ab95b42158
P 0x55ab95b88e98
C 439
M "parser_smt"
R
P 0x55ab95b42158
S "direct.smt"
U 0
s 0
p 0
U 0
s 0
p 0
C 357
= 0x55ab95b95728
R
P 0x55ab95b42158
P 0x55ab95b95728
C 486
R
P 0x55ab95b42158
P 0x55ab95b95728
C 486
R
P 0x55ab95b42158
P 0x55ab95b95728
C 480
R
P 0x55ab95b42158
P 0x55ab95b95728
U 0
C 481
= 0x55ab95b53830
R
P 0x55ab95b42158
P 0x55ab95b88e98
P 0x55ab95b53830
C 446
R
P 0x55ab95b42158
P 0x55ab95b95728
C 480
R
P 0x55ab95b42158
P 0x55ab95b95728
U 1
C 481
= 0x55ab95b514d8
R
P 0x55ab95b42158
P 0x55ab95b88e98
P 0x55ab95b514d8
C 446
R
P 0x55ab95b42158
P 0x55ab95b95728
C 480
R
P 0x55ab95b42158
P 0x55ab95b95728
U 2
C 481
= 0x55ab95b53868
R
P 0x55ab95b42158
P 0x55ab95b88e98
P 0x55ab95b53868
C 446
R
P 0x55ab95b42158
P 0x55ab95b95728
C 480
R
P 0x55ab95b42158
P 0x55ab95b95728
U 3
C 481
= 0x55ab95b538a0
R
P 0x55ab95b42158
P 0x55ab95b88e98
P 0x55ab95b538a0
C 446
R
P 0x55ab95b42158
P 0x55ab95b95728
C 480
R
P 0x55ab95b42158
P 0x55ab95b95728
U 4
C 481
= 0x55ab95b51518
R
P 0x55ab95b42158
P 0x55ab95b88e98
P 0x55ab95b51518
C 446
R
P 0x55ab95b42158
P 0x55ab95b95728
C 480
R
P 0x55ab95b42158
P 0x55ab95b95728
U 5
C 481
= 0x55ab95b538d8
R
P 0x55ab95b42158
P 0x55ab95b88e98
P 0x55ab95b538d8
C 446
R
P 0x55ab95b42158
P 0x55ab95b95728
C 480
R
P 0x55ab95b42158
P 0x55ab95b95728
U 6
C 481
= 0x55ab95b53910
R
P 0x55ab95b42158
P 0x55ab95b88e98
P 0x55ab95b53910
C 446
R
P 0x55ab95b42158
P 0x55ab95b95728
C 480
R
P 0x55ab95b42158
P 0x55ab95b95728
U 7
C 481
= 0x55ab95b53948
R
P 0x55ab95b42158
P 0x55ab95b88e98
P 0x55ab95b53948
C 446
R
P 0x55ab95b42158
P 0x55ab95b95728
C 480
R
P 0x55ab95b42158
P 0x55ab95b95728
U 8
C 481
= 0x55ab95b51558
R
P 0x55ab95b42158
P 0x55ab95b88e98
P 0x55ab95b51558
C 446
R
P 0x55ab95b42158
P 0x55ab95b95728
C 480
R
P 0x55ab95b42158
P 0x55ab95b95728
U 9
C 481
= 0x55ab95b53980
R
P 0x55ab95b42158
P 0x55ab95b88e98
P 0x55ab95b53980
C 446
R
P 0x55ab95b42158
P 0x55ab95b95728
C 480
R
P 0x55ab95b42158
P 0x55ab95b95728
U 10
C 481
= 0x55ab95b539b8
R
P 0x55ab95b42158
P 0x55ab95b88e98
P 0x55ab95b539b8
C 446
R
P 0x55ab95b42158
P 0x55ab95b95728
C 480
R
P 0x55ab95b42158
P 0x55ab95b95728
U 11
C 481
= 0x55ab95b539f0
R
P 0x55ab95b42158
P 0x55ab95b88e98
P 0x55ab95b539f0
C 446
R
P 0x55ab95b42158
P 0x55ab95b95728
C 480
R
P 0x55ab95b42158
P 0x55ab95b95728
U 12
C 481
= 0x55ab95b53a28
R
P 0x55ab95b42158
P 0x55ab95b88e98
P 0x55ab95b53a28
C 446
R
P 0x55ab95b42158
P 0x55ab95b95728
C 480
R
P 0x55ab95b42158
P 0x55ab95b95728
U 13
C 481
= 0x55ab95b51598
R
P 0x55ab95b42158
P 0x55ab95b88e98
P 0x55ab95b51598
C 446
R
P 0x55ab95b42158
P 0x55ab95b95728
C 480
R
P 0x55ab95b42158
P 0x55ab95b95728
U 14
C 481
= 0x55ab95b53b08
R
P 0x55ab95b42158
P 0x55ab95b88e98
P 0x55ab95b53b08
C 446
R
P 0x55ab95b42158
P 0x55ab95b95728
C 480
R
P 0x55ab95b42158
P 0x55ab95b95728
U 15
C 481
= 0x55ab95b53b40
R
P 0x55ab95b42158
P 0x55ab95b88e98
P 0x55ab95b53b40
C 446
R
P 0x55ab95b42158
P 0x55ab95b95728
C 480
R
P 0x55ab95b42158
P 0x55ab95b95728
U 16
C 481
= 0x55ab95b53b78
R
P 0x55ab95b42158
P 0x55ab95b88e98
P 0x55ab95b53b78
C 446
R
P 0x55ab95b42158
P 0x55ab95b95728
C 480
R
P 0x55ab95b42158
P 0x55ab95b95728
U 17
C 481
= 0x55ab95b51658
R
P 0x55ab95b42158
P 0x55ab95b88e98
P 0x55ab95b51658
C 446
R
P 0x55ab95b42158
P 0x55ab95b95728
C 480
R
P 0x55ab95b42158
P 0x55ab95b95728
U 18
C 481
= 0x55ab95b53c20
R
P 0x55ab95b42158
P 0x55ab95b88e98
P 0x55ab95b53c20
C 446
R
P 0x55ab95b42158
P 0x55ab95b95728
C 480
R
P 0x55ab95b42158
P 0x55ab95b95728
U 19
C 481
= 0x55ab95b53c58
R
P 0x55ab95b42158
P 0x55ab95b88e98
P 0x55ab95b53c58
C 446
R
P 0x55ab95b42158
P 0x55ab95b95728
C 480
R
P 0x55ab95b42158
P 0x55ab95b95728
U 20
C 481
= 0x55ab95b53d00
R
P 0x55ab95b42158
P 0x55ab95b88e98
P 0x55ab95b53d00
C 446
R
P 0x55ab95b42158
P 0x55ab95b95728
C 480
R
P 0x55ab95b42158
P 0x55ab95b95728
U 21
C 481
= 0x55ab95b53d38
R
P 0x55ab95b42158
P 0x55ab95b88e98
P 0x55ab95b53d38
C 446
R
P 0x55ab95b42158
P 0x55ab95b95728
C 480
R
P 0x55ab95b42158
P 0x55ab95b95728
U 22
C 481
= 0x55ab95b53d70
R
P 0x55ab95b42158
P 0x55ab95b88e98
P 0x55ab95b53d70
C 446
R
P 0x55ab95b42158
P 0x55ab95b95728
C 480
R
P 0x55ab95b42158
P 0x55ab95b95728
U 23
C 481
= 0x55ab95b51698
R
P 0x55ab95b42158
P 0x55ab95b88e98
P 0x55ab95b51698
C 446
R
P 0x55ab95b42158
P 0x55ab95b95728
C 480
R
P 0x55ab95b42158
P 0x55ab95b95728
U 24
C 481
= 0x55ab95b53e18
R
P 0x55ab95b42158
P 0x55ab95b88e98
P 0x55ab95b53e18
C 446
R
P 0x55ab95b42158
P 0x55ab95b95728
C 480
R
P 0x55ab95b42158
P 0x55ab95b95728
U 25
C 481
= 0x55ab95b53e50
R
P 0x55ab95b42158
P 0x55ab95b88e98
P 0x55ab95b53e50
C 446
R
P 0x55ab95b42158
P 0x55ab95b95728
C 480
R
P 0x55ab95b42158
P 0x55ab95b95728
U 26
C 481
= 0x55ab95b53ef8
R
P 0x55ab95b42158
P 0x55ab95b88e98
P 0x55ab95b53ef8
C 446
R
P 0x55ab95b42158
P 0x55ab95b95728
C 480
R
P 0x55ab95b42158
P 0x55ab95b95728
U 27
C 481
= 0x55ab95b53f30
R
P 0x55ab95b42158
P 0x55ab95b88e98
P 0x55ab95b53f30
C 446
R
P 0x55ab95b42158
P 0x55ab95b95728
C 480
R
P 0x55ab95b42158
P 0x55ab95b95728
U 28
C 481
= 0x55ab95b54010
R
P 0x55ab95b42158
P 0x55ab95b88e98
P 0x55ab95b54010
C 446
R
P 0x55ab95b42158
P 0x55ab95b95728
C 480
R
P 0x55ab95b42158
P 0x55ab95b95728
U 29
C 481
= 0x55ab95b54048
R
P 0x55ab95b42158
P 0x55ab95b88e98
P 0x55ab95b54048
C 446
R
P 0x55ab95b42158
P 0x55ab95b95728
C 480
R
P 0x55ab95b42158
P 0x55ab95b95728
U 30
C 481
= 0x55ab95b54080
R
P 0x55ab95b42158
P 0x55ab95b88e98
P 0x55ab95b54080
C 446
R
P 0x55ab95b42158
P 0x55ab95b95728
C 480
R
P 0x55ab95b42158
P 0x55ab95b95728
U 31
C 481
= 0x55ab95b540b8
R
P 0x55ab95b42158
P 0x55ab95b88e98
P 0x55ab95b540b8
C 446
R
P 0x55ab95b42158
P 0x55ab95b95728
C 480
R
P 0x55ab95b42158
P 0x55ab95b95728
U 32
C 481
= 0x55ab95b540f0
R
P 0x55ab95b42158
P 0x55ab95b88e98
P 0x55ab95b540f0
C 446
R
P 0x55ab95b42158
P 0x55ab95b95728
C 480
R
P 0x55ab95b42158
P 0x55ab95b95728
U 33
C 481
= 0x55ab95b516d8
R
P 0x55ab95b42158
P 0x55ab95b88e98
P 0x55ab95b516d8
C 446
R
P 0x55ab95b42158
P 0x55ab95b95728
C 480
R
P 0x55ab95b42158
P 0x55ab95b95728
U 34
C 481
= 0x55ab95b541d0
R
P 0x55ab95b42158
P 0x55ab95b88e98
P 0x55ab95b541d0
C 446
R
P 0x55ab95b42158
P 0x55ab95b95728
C 480
R
P 0x55ab95b42158
P 0x55ab95b95728
U 35
C 481
= 0x55ab95b54208
R
P 0x55ab95b42158
P 0x55ab95b88e98
P 0x55ab95b54208
C 446
R
P 0x55ab95b42158
P 0x55ab95b95728
C 480
R
P 0x55ab95b42158
P 0x55ab95b95728
U 36
C 481
= 0x55ab95b54240
R
P 0x55ab95b42158
P 0x55ab95b88e98
P 0x55ab95b54240
C 446
R
P 0x55ab95b42158
P 0x55ab95b95728
C 480
R
P 0x55ab95b42158
P 0x55ab95b95728
U 37
C 481
= 0x55ab95b51758
R
P 0x55ab95b42158
P 0x55ab95b88e98
P 0x55ab95b51758
C 446
R
P 0x55ab95b42158
P 0x55ab95b95728
C 480
R
P 0x55ab95b42158
P 0x55ab95b95728
U 38
C 481
= 0x55ab95b542e8
R
P 0x55ab95b42158
P 0x55ab95b88e98
P 0x55ab95b542e8
C 446
R
P 0x55ab95b42158
P 0x55ab95b95728
C 480
R
P 0x55ab95b42158
P 0x55ab95b95728
U 39
C 481
= 0x55ab95b54320
R
P 0x55ab95b42158
P 0x55ab95b88e98
P 0x55ab95b54320
C 446
R
P 0x55ab95b42158
P 0x55ab95b95728
C 480
R
P 0x55ab95b42158
P 0x55ab95b95728
U 40
C 481
= 0x55ab95b543c8
R
P 0x55ab95b42158
P 0x55ab95b88e98
P 0x55ab95b543c8
C 446
R
P 0x55ab95b42158
P 0x55ab95b95728
C 480
R
P 0x55ab95b42158
P 0x55ab95b95728
U 41
C 481
= 0x55ab95b54400
R
P 0x55ab95b42158
P 0x55ab95b88e98
P 0x55ab95b54400
C 446
R
P 0x55ab95b42158
P 0x55ab95b95728
C 480
R
P 0x55ab95b42158
P 0x55ab95b95728
U 42
C 481
= 0x55ab95b54438
R
P 0x55ab95b42158
P 0x55ab95b88e98
P 0x55ab95b54438
C 446
R
P 0x55ab95b42158
P 0x55ab95b95728
C 480
R
P 0x55ab95b42158
P 0x55ab95b95728
U 43
C 481
= 0x55ab95b51798
R
P 0x55ab95b42158
P 0x55ab95b88e98
P 0x55ab95b51798
C 446
R
P 0x55ab95b42158
P 0x55ab95b95728
C 480
R
P 0x55ab95b42158
P 0x55ab95b95728
U 44
C 481
= 0x55ab95b54518
R
P 0x55ab95b42158
P 0x55ab95b88e98
P 0x55ab95b54518
C 446
R
P 0x55ab95b42158
P 0x55ab95b95728
C 480
R
P 0x55ab95b42158
P 0x55ab95b95728
U 45
C 481
= 0x55ab95b54550
R
P 0x55ab95b42158
P 0x55ab95b88e98
P 0x55ab95b54550
C 446
R
P 0x55ab95b42158
P 0x55ab95b95728
C 480
R
P 0x55ab95b42158
P 0x55ab95b95728
U 46
C 481
= 0x55ab95b54588
R
P 0x55ab95b42158
P 0x55ab95b88e98
P 0x55ab95b54588
C 446
R
P 0x55ab95b42158
P 0x55ab95b95728
C 480
R
P 0x55ab95b42158
P 0x55ab95b95728
U 47
C 481
= 0x55ab95b51818
R
P 0x55ab95b42158
P 0x55ab95b88e98
P 0x55ab95b51818
C 446
R
P 0x55ab95b42158
P 0x55ab95b95728
C 480
R
P 0x55ab95b42158
P 0x55ab95b95728
U 48
C 481
= 0x55ab95b545c0
R
P 0x55ab95b42158
P 0x55ab95b88e98
P 0x55ab95b545c0
C 446
R
P 0x55ab95b42158
P 0x55ab95b95728
C 480
R
P 0x55ab95b42158
P 0x55ab95b95728
U 49
C 481
= 0x55ab95b51858
R
P 0x55ab95b42158
P 0x55ab95b88e98
P 0x55ab95b51858
C 446
R
P 0x55ab95b42158
P 0x55ab95b95728
C 480
R
P 0x55ab95b42158
P 0x55ab95b95728
U 50
C 481
= 0x55ab95b545f8
R
P 0x55ab95b42158
P 0x55ab95b88e98
P 0x55ab95b545f8
C 446
R
P 0x55ab95b42158
P 0x55ab95b95728
C 480
R
P 0x55ab95b42158
P 0x55ab95b95728
U 51
C 481
= 0x55ab95b54630
R
P 0x55ab95b42158
P 0x55ab95b88e98
P 0x55ab95b54630
C 446
R
P 0x55ab95b42158
P 0x55ab95b95728
C 480
R
P 0x55ab95b42158
P 0x55ab95b95728
U 52
C 481
= 0x55ab95b54668
R
P 0x55ab95b42158
P 0x55ab95b88e98
P 0x55ab95b54668
C 446
R
P 0x55ab95b42158
P 0x55ab95b95728
C 480
R
P 0x55ab95b42158
P 0x55ab95b95728
U 53
C 481
= 0x55ab95b518d8
R
P 0x55ab95b42158
P 0x55ab95b88e98
P 0x55ab95b518d8
C 446
R
P 0x55ab95b42158
P 0x55ab95b95728
C 480
R
P 0x55ab95b42158
P 0x55ab95b95728
U 54
C 481
= 0x55ab95b546a0
R
P 0x55ab95b42158
P 0x55ab95b88e98
P 0x55ab95b546a0
C 446
R
P 0x55ab95b42158
P 0x55ab95b95728
C 480
R
P 0x55ab95b42158
P 0x55ab95b95728
U 55
C 481
= 0x55ab95b546d8
R
P 0x55ab95b42158
P 0x55ab95b88e98
P 0x55ab95b546d8
C 446
R
P 0x55ab95b42158
P 0x55ab95b95728
C 480
R
P 0x55ab95b42158
P 0x55ab95b95728
U 56
C 481
= 0x55ab95b54710
R
P 0x55ab95b42158
P 0x55ab95b88e98
P 0x55ab95b54710
C 446
R
P 0x55ab95b42158
P 0x55ab95b95728
C 480
R
P 0x55ab95b42158
P 0x55ab95b95728
U 57
C 481
= 0x55ab95b51958
R
P 0x55ab95b42158
P 0x55ab95b88e98
P 0x55ab95b51958
C 446
R
P 0x55ab95b42158
P 0x55ab95b95728
C 480
R
P 0x55ab95b42158
P 0x55ab95b95728
U 58
C 481
= 0x55ab95b54780
R
P 0x55ab95b42158
P 0x55ab95b88e98
P 0x55ab95b54780
C 446
R
P 0x55ab95b42158
P 0x55ab95b95728
C 480
R
P 0x55ab95b42158
P 0x55ab95b95728
U 59
C 481
= 0x55ab95b547b8
R
P 0x55ab95b42158
P 0x55ab95b88e98
P 0x55ab95b547b8
C 446
R
P 0x55ab95b42158
P 0x55ab95b95728
C 480
R
P 0x55ab95b42158
P 0x55ab95b95728
U 60
C 481
= 0x55ab95b547f0
R
P 0x55ab95b42158
P 0x55ab95b88e98
P 0x55ab95b547f0
C 446
R
P 0x55ab95b42158
P 0x55ab95b95728
C 480
R
P 0x55ab95b42158
P 0x55ab95b95728
U 61
C 481
= 0x55ab95b519d8
R
P 0x55ab95b42158
P 0x55ab95b88e98
P 0x55ab95b519d8
C 446
R
P 0x55ab95b42158
P 0x55ab95b95728
C 480
R
P 0x55ab95b42158
P 0x55ab95b95728
U 62
C 481
= 0x55ab95b548d0
R
P 0x55ab95b42158
P 0x55ab95b88e98
P 0x55ab95b548d0
C 446
R
P 0x55ab95b42158
P 0x55ab95b95728
C 480
R
P 0x55ab95b42158
P 0x55ab95b95728
U 63
C 481
= 0x55ab95b54908
R
P 0x55ab95b42158
P 0x55ab95b88e98
P 0x55ab95b54908
C 446
R
P 0x55ab95b42158
P 0x55ab95b95728
C 480
R
P 0x55ab95b42158
P 0x55ab95b95728
U 64
C 481
= 0x55ab95b54a58
R
P 0x55ab95b42158
P 0x55ab95b88e98
P 0x55ab95b54a58
C 446
R
P 0x55ab95b42158
P 0x55ab95b95728
C 480
R
P 0x55ab95b42158
P 0x55ab95b95728
U 65
C 481
= 0x55ab95b54a90
R
P 0x55ab95b42158
P 0x55ab95b88e98
P 0x55ab95b54a90
C 446
R
P 0x55ab95b42158
P 0x55ab95b95728
C 480
R
P 0x55ab95b42158
P 0x55ab95b95728
U 66
C 481
= 0x55ab95b54b70
R
P 0x55ab95b42158
P 0x55ab95b88e98
P 0x55ab95b54b70
C 446
R
P 0x55ab95b42158
P 0x55ab95b95728
C 480
R
P 0x55ab95b42158
P 0x55ab95b95728
U 67
C 481
= 0x55ab95b54ba8
R
P 0x55ab95b42158
P 0x55ab95b88e98
P 0x55ab95b54ba8
C 446
R
P 0x55ab95b42158
P 0x55ab95b95728
C 480
R
P 0x55ab95b42158
P 0x55ab95b95728
U 68
C 481
= 0x55ab95b54be0
R
P 0x55ab95b42158
P 0x55ab95b88e98
P 0x55ab95b54be0
C 446
R
P 0x55ab95b42158
P 0x55ab95b95728
C 480
R
P 0x55ab95b42158
P 0x55ab95b95728
U 69
C 481
= 0x55ab95b54c18
R
P 0x55ab95b42158
P 0x55ab95b88e98
P 0x55ab95b54c18
C 446
R
P 0x55ab95b42158
P 0x55ab95b95728
C 480
R
P 0x55ab95b42158
P 0x55ab95b95728
U 70
C 481
= 0x55ab95b54c50
R
P 0x55ab95b42158
P 0x55ab95b88e98
P 0x55ab95b54c50
C 446
R
P 0x55ab95b42158
P 0x55ab95b95728
C 480
R
P 0x55ab95b42158
P 0x55ab95b95728
U 71
C 481
= 0x55ab95b51a98
R
P 0x55ab95b42158
P 0x55ab95b88e98
P 0x55ab95b51a98
C 446
R
P 0x55ab95b42158
P 0x55ab95b95728
C 480
R
P 0x55ab95b42158
P 0x55ab95b95728
U 72
C 481
= 0x55ab95b54d30
R
P 0x55ab95b42158
P 0x55ab95b88e98
P 0x55ab95b54d30
C 446
R
P 0x55ab95b42158
P 0x55ab95b95728
C 480
R
P 0x55ab95b42158
P 0x55ab95b95728
U 73
C 481
= 0x55ab95b54d68
R
P 0x55ab95b42158
P 0x55ab95b88e98
P 0x55ab95b54d68
C 446
R
P 0x55ab95b42158
P 0x55ab95b95728
C 480
R
P 0x55ab95b42158
P 0x55ab95b95728
U 74
C 481
= 0x55ab95b54e10
R
P 0x55ab95b42158
P 0x55ab95b88e98
P 0x55ab95b54e10
C 446
R
P 0x55ab95b42158
P 0x55ab95b95728
C 480
R
P 0x55ab95b42158
P 0x55ab95b95728
U 75
C 481
= 0x55ab95b54e48
R
P 0x55ab95b42158
P 0x55ab95b88e98
P 0x55ab95b54e48
C 446
R
P 0x55ab95b42158
P 0x55ab95b95728
C 480
R
P 0x55ab95b42158
P 0x55ab95b95728
U 76
C 481
= 0x55ab95b8e1b8
R
P 0x55ab95b42158
P 0x55ab95b88e98
P 0x55ab95b8e1b8
C 446
R
P 0x55ab95b42158
P 0x55ab95b95728
C 480
R
P 0x55ab95b42158
P 0x55ab95b95728
U 77
C 481
= 0x55ab95b8e1f0
R
P 0x55ab95b42158
P 0x55ab95b88e98
P 0x55ab95b8e1f0
C 446
R
P 0x55ab95b42158
P 0x55ab95b95728
C 480
R
P 0x55ab95b42158
P 0x55ab95b95728
U 78
C 481
= 0x55ab95b8e228
R
P 0x55ab95b42158
P 0x55ab95b88e98
P 0x55ab95b8e228
C 446
R
P 0x55ab95b42158
P 0x55ab95b95728
C 480
R
P 0x55ab95b42158
P 0x55ab95b95728
U 79
C 481
= 0x55ab95b51ad8
R
P 0x55ab95b42158
P 0x55ab95b88e98
P 0x55ab95b51ad8
C 446
R
P 0x55ab95b42158
P 0x55ab95b95728
C 480
R
P 0x55ab95b42158
P 0x55ab95b95728
U 80
C 481
= 0x55ab95b8e260
R
P 0x55ab95b42158
P 0x55ab95b88e98
P 0x55ab95b8e260
C 446
R
P 0x55ab95b42158
P 0x55ab95b95728
C 480
R
P 0x55ab95b42158
P 0x55ab95b95728
U 81
C 481
= 0x55ab95b8e298
R
P 0x55ab95b42158
P 0x55ab95b88e98
P 0x55ab95b8e298
C 446
R
P 0x55ab95b42158
P 0x55ab95b95728
C 480
R
P 0x55ab95b42158
P 0x55ab95b95728
U 82
C 481
= 0x55ab95b8e2d0
R
P 0x55ab95b42158
P 0x55ab95b88e98
P 0x55ab95b8e2d0
C 446
R
P 0x55ab95b42158
P 0x55ab95b95728
C 480
R
P 0x55ab95b42158
P 0x55ab95b95728
U 83
C 481
= 0x55ab95b8e308
R
P 0x55ab95b42158
P 0x55ab95b88e98
P 0x55ab95b8e308
C 446
R
P 0x55ab95b42158
P 0x55ab95b95728
C 480
R
P 0x55ab95b42158
P 0x55ab95b95728
U 84
C 481
= 0x55ab95b8e340
R
P 0x55ab95b42158
P 0x55ab95b88e98
P 0x55ab95b8e340
C 446
R
P 0x55ab95b42158
P 0x55ab95b95728
C 480
R
P 0x55ab95b42158
P 0x55ab95b95728
U 85
C 481
= 0x55ab95b51b18
R
P 0x55ab95b42158
P 0x55ab95b88e98
P 0x55ab95b51b18
C 446
R
P 0x55ab95b42158
P 0x55ab95b95728
C 480
R
P 0x55ab95b42158
P 0x55ab95b95728
U 86
C 481
= 0x55ab95b8e420
R
P 0x55ab95b42158
P 0x55ab95b88e98
P 0x55ab95b8e420
C 446
R
P 0x55ab95b42158
P 0x55ab95b95728
C 480
R
P 0x55ab95b42158
P 0x55ab95b95728
U 87
C 481
= 0x55ab95b8e458
R
P 0x55ab95b42158
P 0x55ab95b88e98
P 0x55ab95b8e458
C 446
R
P 0x55ab95b42158
P 0x55ab95b95728
C 480
R
P 0x55ab95b42158
P 0x55ab95b95728
U 88
C 481
= 0x55ab95b8e538
R
P 0x55ab95b42158
P 0x55ab95b88e98
P 0x55ab95b8e538
C 446
R
P 0x55ab95b42158
P 0x55ab95b95728
C 480
R
P 0x55ab95b42158
P 0x55ab95b95728
U 89
C 481
= 0x55ab95b8e570
R
P 0x55ab95b42158
P 0x55ab95b88e98
P 0x55ab95b8e570
C 446
R
P 0x55ab95b42158
P 0x55ab95b95728
C 480
R
P 0x55ab95b42158
P 0x55ab95b95728
U 90
C 481
= 0x55ab95b8e650
R
P 0x55ab95b42158
P 0x55ab95b88e98
P 0x55ab95b8e650
C 446
R
P 0x55ab95b42158
P 0x55ab95b95728
C 480
R
P 0x55ab95b42158
P 0x55ab95b95728
U 91
C 481
= 0x55ab95b8e688
R
P 0x55ab95b42158
P 0x55ab95b88e98
P 0x55ab95b8e688
C 446
R
P 0x55ab95b42158
P 0x55ab95b95728
C 480
R
P 0x55ab95b42158
P 0x55ab95b95728
U 92
C 481
= 0x55ab95b8e6c0
R
P 0x55ab95b42158
P 0x55ab95b88e98
P 0x55ab95b8e6c0
C 446
R
P 0x55ab95b42158
P 0x55ab95b95728
C 480
R
P 0x55ab95b42158
P 0x55ab95b95728
U 93
C 481
= 0x55ab95b51b98
R
P 0x55ab95b42158
P 0x55ab95b88e98
P 0x55ab95b51b98
C 446
R
P 0x55ab95b42158
P 0x55ab95b95728
C 480
R
P 0x55ab95b42158
P 0x55ab95b95728
U 94
C 481
= 0x55ab95b8e768
R
P 0x55ab95b42158
P 0x55ab95b88e98
P 0x55ab95b8e768
C 446
R
P 0x55ab95b42158
P 0x55ab95b95728
C 480
R
P 0x55ab95b42158
P 0x55ab95b95728
U 95
C 481
= 0x55ab95b8e7a0
R
P 0x55ab95b42158
P 0x55ab95b88e98
P 0x55ab95b8e7a0
C 446
R
P 0x55ab95b42158
P 0x55ab95b95728
C 480
R
P 0x55ab95b42158
P 0x55ab95b95728
U 96
C 481
= 0x55ab95b8e7d8
R
P 0x55ab95b42158
P 0x55ab95b88e98
P 0x55ab95b8e7d8
C 446
R
P 0x55ab95b42158
P 0x55ab95b95728
C 480
R
P 0x55ab95b42158
P 0x55ab95b95728
U 97
C 481
= 0x55ab95b8e810
R
P 0x55ab95b42158
P 0x55ab95b88e98
P 0x55ab95b8e810
C 446
R
P 0x55ab95b42158
P 0x55ab95b95728
C 480
R
P 0x55ab95b42158
P 0x55ab95b95728
U 98
C 481
= 0x55ab95b8e848
R
P 0x55ab95b42158
P 0x55ab95b88e98
P 0x55ab95b8e848
C 446
R
P 0x55ab95b42158
P 0x55ab95b95728
C 480
R
P 0x55ab95b42158
P 0x55ab95b95728
U 99
C 481
= 0x55ab95b51c18
R
P 0x55ab95b42158
P 0x55ab95b88e98
P 0x55ab95b51c18
C 446
R
P 0x55ab95b42158
P 0x55ab95b95728
C 480
R
P 0x55ab95b42158
P 0x55ab95b95728
U 100
C 481
= 0x55ab95b8e8b8
R
P 0x55ab95b42158
P 0x55ab95b88e98
P 0x55ab95b8e8b8
C 446
R
P 0x55ab95b42158
P 0x55ab95b95728
C 480
R
P 0x55ab95b42158
P 0x55ab95b95728
U 101
C 481
= 0x55ab95b51c58
R
P 0x55ab95b42158
P 0x55ab95b88e98
P 0x55ab95b51c58
C 446
R
P 0x55ab95b42158
P 0x55ab95b95728
C 480
R
P 0x55ab95b42158
P 0x55ab95b95728
U 102
C 481
= 0x55ab95b8e928
R
P 0x55ab95b42158
P 0x55ab95b88e98
P 0x55ab95b8e928
C 446
R
P 0x55ab95b42158
P 0x55ab95b95728
C 480
R
P 0x55ab95b42158
P 0x55ab95b95728
U 103
C 481
= 0x55ab95b51c98
R
P 0x55ab95b42158
P 0x55ab95b88e98
P 0x55ab95b51c98
C 446
R
P 0x55ab95b42158
P 0x55ab95b95728
C 480
R
P 0x55ab95b42158
P 0x55ab95b95728
U 104
C 481
= 0x55ab95b8ea08
R
P 0x55ab95b42158
P 0x55ab95b88e98
P 0x55ab95b8ea08
C 446
R
P 0x55ab95b42158
P 0x55ab95b95728
C 480
R
P 0x55ab95b42158
P 0x55ab95b95728
U 105
C 481
= 0x55ab95b8ea40
R
P 0x55ab95b42158
P 0x55ab95b88e98
P 0x55ab95b8ea40
C 446
R
P 0x55ab95b42158
P 0x55ab95b95728
C 480
R
P 0x55ab95b42158
P 0x55ab95b95728
U 106
C 481
= 0x55ab95b8ea78
R
P 0x55ab95b42158
P 0x55ab95b88e98
P 0x55ab95b8ea78
C 446
R
P 0x55ab95b42158
P 0x55ab95b95728
C 480
R
P 0x55ab95b42158
P 0x55ab95b95728
U 107
C 481
= 0x55ab95b8eab0
R
P 0x55ab95b42158
P 0x55ab95b88e98
P 0x55ab95b8eab0
C 446
R
P 0x55ab95b42158
P 0x55ab95b95728
C 480
R
P 0x55ab95b42158
P 0x55ab95b95728
U 108
C 481
= 0x55ab95b8eae8
R
P 0x55ab95b42158
P 0x55ab95b88e98
P 0x55ab95b8eae8
C 446
R
P 0x55ab95b42158
P 0x55ab95b95728
C 480
R
P 0x55ab95b42158
P 0x55ab95b95728
U 109
C 481
= 0x55ab95b51cd8
R
P 0x55ab95b42158
P 0x55ab95b88e98
P 0x55ab95b51cd8
C 446
R
P 0x55ab95b42158
P 0x55ab95b95728
C 480
R
P 0x55ab95b42158
P 0x55ab95b95728
U 110
C 481
= 0x55ab95b8eb90
R
P 0x55ab95b42158
P 0x55ab95b88e98
P 0x55ab95b8eb90
C 446
R
P 0x55ab95b42158
P 0x55ab95b95728
C 480
R
P 0x55ab95b42158
P 0x55ab95b95728
U 111
C 481
= 0x55ab95b8ebc8
R
P 0x55ab95b42158
P 0x55ab95b88e98
P 0x55ab95b8ebc8
C 446
R
P 0x55ab95b42158
P 0x55ab95b95728
C 480
R
P 0x55ab95b42158
P 0x55ab95b95728
U 112
C 481
= 0x55ab95b8ec70
R
P 0x55ab95b42158
P 0x55ab95b88e98
P 0x55ab95b8ec70
C 446
R
P 0x55ab95b42158
P 0x55ab95b95728
C 480
R
P 0x55ab95b42158
P 0x55ab95b95728
U 113
C 481
= 0x55ab95b8eca8
R
P 0x55ab95b42158
P 0x55ab95b88e98
P 0x55ab95b8eca8
C 446
R
P 0x55ab95b42158
P 0x55ab95b95728
C 480
R
P 0x55ab95b42158
P 0x55ab95b95728
U 114
C 481
= 0x55ab95b8ed18
R
P 0x55ab95b42158
P 0x55ab95b88e98
P 0x55ab95b8ed18
C 446
R
P 0x55ab95b42158
P 0x55ab95b95728
C 480
R
P 0x55ab95b42158
P 0x55ab95b95728
U 115
C 481
= 0x55ab95b8ed50
R
P 0x55ab95b42158
P 0x55ab95b88e98
P 0x55ab95b8ed50
C 446
R
P 0x55ab95b42158
P 0x55ab95b95728
C 480
R
P 0x55ab95b42158
P 0x55ab95b95728
U 116
C 481
= 0x55ab95b8edc0
R
P 0x55ab95b42158
P 0x55ab95b88e98
P 0x55ab95b8edc0
C 446
R
P 0x55ab95b42158
P 0x55ab95b95728
C 480
R
P 0x55ab95b42158
P 0x55ab95b95728
U 117
C 481
= 0x55ab95b8edf8
R
P 0x55ab95b42158
P 0x55ab95b88e98
P 0x55ab95b8edf8
C 446
R
P 0x55ab95b42158
P 0x55ab95b95728
C 480
R
P 0x55ab95b42158
P 0x55ab95b95728
U 118
C 481
= 0x55ab95b8ee30
R
P 0x55ab95b42158
P 0x55ab95b88e98
P 0x55ab95b8ee30
C 446
R
P 0x55ab95b42158
P 0x55ab95b95728
C 480
R
P 0x55ab95b42158
P 0x55ab95b95728
U 119
C 481
= 0x55ab95b8ee68
R
P 0x55ab95b42158
P 0x55ab95b88e98
P 0x55ab95b8ee68
C 446
R
P 0x55ab95b42158
P 0x55ab95b95728
C 480
R
P 0x55ab95b42158
P 0x55ab95b95728
U 120
C 481
= 0x55ab95b8eea0
R
P 0x55ab95b42158
P 0x55ab95b88e98
P 0x55ab95b8eea0
C 446
R
P 0x55ab95b42158
P 0x55ab95b95728
C 480
R
P 0x55ab95b42158
P 0x55ab95b95728
U 121
C 481
= 0x55ab95b51d18
R
P 0x55ab95b42158
P 0x55ab95b88e98
P 0x55ab95b51d18
C 446
R
P 0x55ab95b42158
P 0x55ab95b95728
C 480
R
P 0x55ab95b42158
P 0x55ab95b95728
U 122
C 481
= 0x55ab95b8ef48
R
P 0x55ab95b42158
P 0x55ab95b88e98
P 0x55ab95b8ef48
C 446
R
P 0x55ab95b42158
P 0x55ab95b95728
C 480
R
P 0x55ab95b42158
P 0x55ab95b95728
U 123
C 481
= 0x55ab95b8ef80
R
P 0x55ab95b42158
P 0x55ab95b88e98
P 0x55ab95b8ef80
C 446
R
P 0x55ab95b42158
P 0x55ab95b95728
C 480
R
P 0x55ab95b42158
P 0x55ab95b95728
U 124
C 481
= 0x55ab95b8f028
R
P 0x55ab95b42158
P 0x55ab95b88e98
P 0x55ab95b8f028
C 446
R
P 0x55ab95b42158
P 0x55ab95b95728
C 480
R
P 0x55ab95b42158
P 0x55ab95b95728
U 125
C 481
= 0x55ab95b8f060
R
P 0x55ab95b42158
P 0x55ab95b88e98
P 0x55ab95b8f060
C 446
R
P 0x55ab95b42158
P 0x55ab95b95728
C 480
R
P 0x55ab95b42158
P 0x55ab95b95728
U 126
C 481
= 0x55ab95b8f0d0
R
P 0x55ab95b42158
P 0x55ab95b88e98
P 0x55ab95b8f0d0
C 446
R
P 0x55ab95b42158
P 0x55ab95b95728
C 480
R
P 0x55ab95b42158
P 0x55ab95b95728
U 127
C 481
= 0x55ab95b8f108
R
P 0x55ab95b42158
P 0x55ab95b88e98
P 0x55ab95b8f108
C 446
R
P 0x55ab95b42158
P 0x55ab95b95728
C 480
R
P 0x55ab95b42158
P 0x55ab95b95728
U 128
C 481
= 0x55ab95b8f178
R
P 0x55ab95b42158
P 0x55ab95b88e98
P 0x55ab95b8f178
C 446
R
P 0x55ab95b42158
P 0x55ab95b95728
C 480
R
P 0x55ab95b42158
P 0x55ab95b95728
U 129
C 481
= 0x55ab95b8f1b0
R
P 0x55ab95b42158
P 0x55ab95b88e98
P 0x55ab95b8f1b0
C 446
R
P 0x55ab95b42158
P 0x55ab95b95728
C 480
R
P 0x55ab95b42158
P 0x55ab95b95728
U 130
C 481
= 0x55ab95b8f1e8
R
P 0x55ab95b42158
P 0x55ab95b88e98
P 0x55ab95b8f1e8
C 446
R
P 0x55ab95b42158
P 0x55ab95b95728
C 480
R
P 0x55ab95b42158
P 0x55ab95b95728
U 131
C 481
= 0x55ab95b51d58
R
P 0x55ab95b42158
P 0x55ab95b88e98
P 0x55ab95b51d58
C 446
R
P 0x55ab95b42158
P 0x55ab95b95728
C 480
R
P 0x55ab95b42158
P 0x55ab95b95728
U 132
C 481
= 0x55ab95b8f2c8
R
P 0x55ab95b42158
P 0x55ab95b88e98
P 0x55ab95b8f2c8
C 446
R
P 0x55ab95b42158
P 0x55ab95b95728
C 480
R
P 0x55ab95b42158
P 0x55ab95b95728
U 133
C 481
= 0x55ab95b8f300
R
P 0x55ab95b42158
P 0x55ab95b88e98
P 0x55ab95b8f300
C 446
R
P 0x55ab95b42158
P 0x55ab95b95728
C 480
R
P 0x55ab95b42158
P 0x55ab95b95728
U 134
C 481
= 0x55ab95b8f338
R
P 0x55ab95b42158
P 0x55ab95b88e98
P 0x55ab95b8f338
C 446
R
P 0x55ab95b42158
P 0x55ab95b95728
C 480
R
P 0x55ab95b42158
P 0x55ab95b95728
U 135
C 481
= 0x55ab95b8f370
R
P 0x55ab95b42158
P 0x55ab95b88e98
P 0x55ab95b8f370
C 446
R
P 0x55ab95b42158
P 0x55ab95b95728
C 480
R
P 0x55ab95b42158
P 0x55ab95b95728
U 136
C 481
= 0x55ab95b8f3a8
R
P 0x55ab95b42158
P 0x55ab95b88e98
P 0x55ab95b8f3a8
C 446
R
P 0x55ab95b42158
P 0x55ab95b95728
C 480
R
P 0x55ab95b42158
P 0x55ab95b95728
U 137
C 481
= 0x55ab95b51dd8
R
P 0x55ab95b42158
P 0x55ab95b88e98
P 0x55ab95b51dd8
C 446
R
P 0x55ab95b42158
P 0x55ab95b95728
C 480
R
P 0x55ab95b42158
P 0x55ab95b95728
U 138
C 481
= 0x55ab95b8f418
R
P 0x55ab95b42158
P 0x55ab95b88e98
P 0x55ab95b8f418
C 446
R
P 0x55ab95b42158
P 0x55ab95b95728
C 480
R
P 0x55ab95b42158
P 0x55ab95b95728
U 139
C 481
= 0x55ab95b51e18
R
P 0x55ab95b42158
P 0x55ab95b88e98
P 0x55ab95b51e18
C 446
R
P 0x55ab95b42158
P 0x55ab95b95728
C 480
R
P 0x55ab95b42158
P 0x55ab95b95728
U 140
C 481
= 0x55ab95b8f450
R
P 0x55ab95b42158
P 0x55ab95b88e98
P 0x55ab95b8f450
C 446
R
P 0x55ab95b42158
P 0x55ab95b95728
C 480
R
P 0x55ab95b42158
P 0x55ab95b95728
U 141
C 481
= 0x55ab95b51e58
R
P 0x55ab95b42158
P 0x55ab95b88e98
P 0x55ab95b51e58
C 446
R
P 0x55ab95b42158
P 0x55ab95b95728
C 480
R
P 0x55ab95b42158
P 0x55ab95b95728
U 142
C 481
= 0x55ab95b8f488
R
P 0x55ab95b42158
P 0x55ab95b88e98
P 0x55ab95b8f488
C 446
R
P 0x55ab95b42158
P 0x55ab95b95728
C 480
R
P 0x55ab95b42158
P 0x55ab95b95728
U 143
C 481
= 0x55ab95b8f4c0
R
P 0x55ab95b42158
P 0x55ab95b88e98
P 0x55ab95b8f4c0
C 446
R
P 0x55ab95b42158
P 0x55ab95b95728
C 480
R
P 0x55ab95b42158
P 0x55ab95b95728
U 144
C 481
= 0x55ab95b8f4f8
R
P 0x55ab95b42158
P 0x55ab95b88e98
P 0x55ab95b8f4f8
C 446
R
P 0x55ab95b42158
P 0x55ab95b95728
C 480
R
P 0x55ab95b42158
P 0x55ab95b95728
U 145
C 481
= 0x55ab95b8f530
R
P 0x55ab95b42158
P 0x55ab95b88e98
P 0x55ab95b8f530
C 446
R
P 0x55ab95b42158
P 0x55ab95b95728
C 480
R
P 0x55ab95b42158
P 0x55ab95b95728
U 146
C 481
= 0x55ab95b8f568
R
P 0x55ab95b42158
P 0x55ab95b88e98
P 0x55ab95b8f568
C 446
R
P 0x55ab95b42158
P 0x55ab95b95728
C 480
R
P 0x55ab95b42158
P 0x55ab95b95728
U 147
C 481
= 0x55ab95b51ed8
R
P 0x55ab95b42158
P 0x55ab95b88e98
P 0x55ab95b51ed8
C 446
R
P 0x55ab95b42158
P 0x55ab95b95728
C 480
R
P 0x55ab95b42158
P 0x55ab95b95728
U 148
C 481
= 0x55ab95b8f5d8
R
P 0x55ab95b42158
P 0x55ab95b88e98
P 0x55ab95b8f5d8
C 446
R
P 0x55ab95b42158
P 0x55ab95b95728
C 480
R
P 0x55ab95b42158
P 0x55ab95b95728
U 149
C 481
= 0x55ab95b8f610
R
P 0x55ab95b42158
P 0x55ab95b88e98
P 0x55ab95b8f610
C 446
R
P 0x55ab95b42158
P 0x55ab95b95728
C 480
R
P 0x55ab95b42158
P 0x55ab95b95728
U 150
C 481
= 0x55ab95b8f648
R
P 0x55ab95b42158
P 0x55ab95b88e98
P 0x55ab95b8f648
C 446
R
P 0x55ab95b42158
P 0x55ab95b95728
C 480
R
P 0x55ab95b42158
P 0x55ab95b95728
U 151
C 481
= 0x55ab95b51f58
R
P 0x55ab95b42158
P 0x55ab95b88e98
P 0x55ab95b51f58
C 446
R
P 0x55ab95b42158
P 0x55ab95b95728
C 480
R
P 0x55ab95b42158
P 0x55ab95b95728
U 152
C 481
= 0x55ab95b8f6f0
R
P 0x55ab95b42158
P 0x55ab95b88e98
P 0x55ab95b8f6f0
C 446
R
P 0x55ab95b42158
P 0x55ab95b95728
C 480
R
P 0x55ab95b42158
P 0x55ab95b95728
U 153
C 481
= 0x55ab95b8f728
R
P 0x55ab95b42158
P 0x55ab95b88e98
P 0x55ab95b8f728
C 446
R
P 0x55ab95b42158
P 0x55ab95b95728
C 480
R
P 0x55ab95b42158
P 0x55ab95b95728
U 154
C 481
= 0x55ab95b8f760
R
P 0x55ab95b42158
P 0x55ab95b88e98
P 0x55ab95b8f760
C 446
R
P 0x55ab95b42158
P 0x55ab95b95728
C 480
R
P 0x55ab95b42158
P 0x55ab95b95728
U 155
C 481
= 0x55ab95b51fd8
R
P 0x55ab95b42158
P 0x55ab95b88e98
P 0x55ab95b51fd8
C 446
R
P 0x55ab95b42158
P 0x55ab95b95728
C 480
R
P 0x55ab95b42158
P 0x55ab95b95728
U 156
C 481
= 0x55ab95b8f7d0
R
P 0x55ab95b42158
P 0x55ab95b88e98
P 0x55ab95b8f7d0
C 446
R
P 0x55ab95b42158
P 0x55ab95b95728
C 480
R
P 0x55ab95b42158
P 0x55ab95b95728
U 157
C 481
= 0x55ab95b8f808
R
P 0x55ab95b42158
P 0x55ab95b88e98
P 0x55ab95b8f808
C 446
R
P 0x55ab95b42158
P 0x55ab95b95728
C 480
R
P 0x55ab95b42158
P 0x55ab95b95728
U 158
C 481
= 0x55ab95b8f840
R
P 0x55ab95b42158
P 0x55ab95b88e98
P 0x55ab95b8f840
C 446
R
P 0x55ab95b42158
P 0x55ab95b95728
C 480
R
P 0x55ab95b42158
P 0x55ab95b95728
U 159
C 481
= 0x55ab95b52018
R
P 0x55ab95b42158
P 0x55ab95b88e98
P 0x55ab95b52018
C 446
R
P 0x55ab95b42158
P 0x55ab95b95728
C 480
R
P 0x55ab95b42158
P 0x55ab95b95728
U 160
C 481
= 0x55ab95b8f920
R
P 0x55ab95b42158
P 0x55ab95b88e98
P 0x55ab95b8f920
C 446
R
P 0x55ab95b42158
P 0x55ab95b95728
C 480
R
P 0x55ab95b42158
P 0x55ab95b95728
U 161
C 481
= 0x55ab95b8f958
R
P 0x55ab95b42158
P 0x55ab95b88e98
P 0x55ab95b8f958
C 446
R
P 0x55ab95b42158
P 0x55ab95b95728
C 480
R
P 0x55ab95b42158
P 0x55ab95b95728
U 162
C 481
= 0x55ab95b8faa8
R
P 0x55ab95b42158
P 0x55ab95b88e98
P 0x55ab95b8faa8
C 446
R
P 0x55ab95b42158
P 0x55ab95b95728
C 480
R
P 0x55ab95b42158
P 0x55ab95b95728
U 163
C 481
= 0x55ab95b8fae0
R
P 0x55ab95b42158
P 0x55ab95b88e98
P 0x55ab95b8fae0
C 446
R
P 0x55ab95b42158
P 0x55ab95b95728
C 480
R
P 0x55ab95b42158
P 0x55ab95b95728
U 164
C 481
= 0x55ab95b8fbc0
R
P 0x55ab95b42158
P 0x55ab95b88e98
P 0x55ab95b8fbc0
C 446
R
P 0x55ab95b42158
P 0x55ab95b95728
C 480
R
P 0x55ab95b42158
P 0x55ab95b95728
U 165
C 481
= 0x55ab95b8fbf8
R
P 0x55ab95b42158
P 0x55ab95b88e98
P 0x55ab95b8fbf8
C 446
R
P 0x55ab95b42158
P 0x55ab95b95728
C 480
R
P 0x55ab95b42158
P 0x55ab95b95728
U 166
C 481
= 0x55ab95b8fc30
R
P 0x55ab95b42158
P 0x55ab95b88e98
P 0x55ab95b8fc30
C 446
R
P 0x55ab95b42158
P 0x55ab95b95728
C 480
R
P 0x55ab95b42158
P 0x55ab95b95728
U 167
C 481
= 0x55ab95b8fc68
R
P 0x55ab95b42158
P 0x55ab95b88e98
P 0x55ab95b8fc68
C 446
R
P 0x55ab95b42158
P 0x55ab95b95728
C 480
R
P 0x55ab95b42158
P 0x55ab95b95728
U 168
C 481
= 0x55ab95b8fca0
R
P 0x55ab95b42158
P 0x55ab95b88e98
P 0x55ab95b8fca0
C 446
R
P 0x55ab95b42158
P 0x55ab95b95728
C 480
R
P 0x55ab95b42158
P 0x55ab95b95728
U 169
C 481
= 0x55ab95b52098
R
P 0x55ab95b42158
P 0x55ab95b88e98
P 0x55ab95b52098
C 446
R
P 0x55ab95b42158
P 0x55ab95b95728
C 480
R
P 0x55ab95b42158
P 0x55ab95b95728
U 170
C 481
= 0x55ab95b8fd80
R
P 0x55ab95b42158
P 0x55ab95b88e98
P 0x55ab95b8fd80
C 446
R
P 0x55ab95b42158
P 0x55ab95b95728
C 480
R
P 0x55ab95b42158
P 0x55ab95b95728
U 171
C 481
= 0x55ab95b8fdb8
R
P 0x55ab95b42158
P 0x55ab95b88e98
P 0x55ab95b8fdb8
C 446
R
P 0x55ab95b42158
P 0x55ab95b95728
C 480
R
P 0x55ab95b42158
P 0x55ab95b95728
U 172
C 481
= 0x55ab95b8fe60
R
P 0x55ab95b42158
P 0x55ab95b88e98
P 0x55ab95b8fe60
C 446
R
P 0x55ab95b42158
P 0x55ab95b95728
C 480
R
P 0x55ab95b42158
P 0x55ab95b95728
U 173
C 481
= 0x55ab95b8fe98
R
P 0x55ab95b42158
P 0x55ab95b88e98
P 0x55ab95b8fe98
C 446
R
P 0x55ab95b42158
P 0x55ab95b95728
C 480
R
P 0x55ab95b42158
P 0x55ab95b95728
U 174
C 481
= 0x55ab95b8ff40
R
P 0x55ab95b42158
P 0x55ab95b88e98
P 0x55ab95b8ff40
C 446
R
P 0x55ab95b42158
P 0x55ab95b95728
C 480
R
P 0x55ab95b42158
P 0x55ab95b95728
U 175
C 481
= 0x55ab95b8ff78
R
P 0x55ab95b42158
P 0x55ab95b88e98
P 0x55ab95b8ff78
C 446
R
P 0x55ab95b42158
P 0x55ab95b95728
C 480
R
P 0x55ab95b42158
P 0x55ab95b95728
U 176
C 481
= 0x55ab95b8ffb0
R
P 0x55ab95b42158
P 0x55ab95b88e98
P 0x55ab95b8ffb0
C 446
R
P 0x55ab95b42158
P 0x55ab95b95728
C 480
R
P 0x55ab95b42158
P 0x55ab95b95728
U 177
C 481
= 0x55ab95b520d8
R
P 0x55ab95b42158
P 0x55ab95b88e98
P 0x55ab95b520d8
C 446
R
P 0x55ab95b42158
P 0x55ab95b95728
C 480
R
P 0x55ab95b42158
P 0x55ab95b95728
U 178
C 481
= 0x55ab95b90058
R
P 0x55ab95b42158
P 0x55ab95b88e98
P 0x55ab95b90058
C 446
R
P 0x55ab95b42158
P 0x55ab95b95728
C 480
R
P 0x55ab95b42158
P 0x55ab95b95728
U 179
C 481
= 0x55ab95b90090
R
P 0x55ab95b42158
P 0x55ab95b88e98
P 0x55ab95b90090
C 446
R
P 0x55ab95b42158
P 0x55ab95b95728
C 480
R
P 0x55ab95b42158
P 0x55ab95b95728
U 180
C 481
= 0x55ab95b900c8
R
P 0x55ab95b42158
P 0x55ab95b88e98
P 0x55ab95b900c8
C 446
R
P 0x55ab95b42158
P 0x55ab95b95728
C 480
R
P 0x55ab95b42158
P 0x55ab95b95728
U 181
C 481
= 0x55ab95b52158
R
P 0x55ab95b42158
P 0x55ab95b88e98
P 0x55ab95b52158
C 446
R
P 0x55ab95b42158
P 0x55ab95b95728
C 480
R
P 0x55ab95b42158
P 0x55ab95b95728
U 182
C 481
= 0x55ab95b90138
R
P 0x55ab95b42158
P 0x55ab95b88e98
P 0x55ab95b90138
C 446
R
P 0x55ab95b42158
P 0x55ab95b95728
C 480
R
P 0x55ab95b42158
P 0x55ab95b95728
U 183
C 481
= 0x55ab95bb4a08
R
P 0x55ab95b42158
P 0x55ab95b88e98
P 0x55ab95bb4a08
C 446
R
P 0x55ab95b42158
P 0x55ab95b95728
C 480
R
P 0x55ab95b42158
P 0x55ab95b95728
U 184
C 481
= 0x55ab95bb4a40
R
P 0x55ab95b42158
P 0x55ab95b88e98
P 0x55ab95bb4a40
C 446
R
P 0x55ab95b42158
P 0x55ab95b95728
C 480
R
P 0x55ab95b42158
P 0x55ab95b95728
U 185
C 481
= 0x55ab95b52198
R
P 0x55ab95b42158
P 0x55ab95b88e98
P 0x55ab95b52198
C 446
R
P 0x55ab95b42158
P 0x55ab95b95728
C 480
R
P 0x55ab95b42158
P 0x55ab95b95728
U 186
C 481
= 0x55ab95bb4b20
R
P 0x55ab95b42158
P 0x55ab95b88e98
P 0x55ab95bb4b20
C 446
R
P 0x55ab95b42158
P 0x55ab95b95728
C 480
R
P 0x55ab95b42158
P 0x55ab95b95728
U 187
C 481
= 0x55ab95bb4b58
R
P 0x55ab95b42158
P 0x55ab95b88e98
P 0x55ab95bb4b58
C 446
R
P 0x55ab95b42158
P 0x55ab95b95728
C 480
R
P 0x55ab95b42158
P 0x55ab95b95728
U 188
C 481
= 0x55ab95bb4ca8
R
P 0x55ab95b42158
P 0x55ab95b88e98
P 0x55ab95bb4ca8
C 446
R
P 0x55ab95b42158
P 0x55ab95b95728
C 480
R
P 0x55ab95b42158
P 0x55ab95b95728
U 189
C 481
= 0x55ab95bb4ce0
R
P 0x55ab95b42158
P 0x55ab95b88e98
P 0x55ab95bb4ce0
C 446
R
P 0x55ab95b42158
P 0x55ab95b95728
C 480
R
P 0x55ab95b42158
P 0x55ab95b95728
U 190
C 481
= 0x55ab95bb4dc0
R
P 0x55ab95b42158
P 0x55ab95b88e98
P 0x55ab95bb4dc0
C 446
R
P 0x55ab95b42158
P 0x55ab95b95728
C 480
R
P 0x55ab95b42158
P 0x55ab95b95728
U 191
C 481
= 0x55ab95bb4df8
R
P 0x55ab95b42158
P 0x55ab95b88e98
P 0x55ab95bb4df8
C 446
R
P 0x55ab95b42158
P 0x55ab95b95728
C 480
R
P 0x55ab95b42158
P 0x55ab95b95728
U 192
C 481
= 0x55ab95bb4e30
R
P 0x55ab95b42158
P 0x55ab95b88e98
P 0x55ab95bb4e30
C 446
R
P 0x55ab95b42158
P 0x55ab95b95728
C 480
R
P 0x55ab95b42158
P 0x55ab95b95728
U 193
C 481
= 0x55ab95bb4e68
R
P 0x55ab95b42158
P 0x55ab95b88e98
P 0x55ab95bb4e68
C 446
R
P 0x55ab95b42158
P 0x55ab95b95728
C 480
R
P 0x55ab95b42158
P 0x55ab95b95728
U 194
C 481
= 0x55ab95bb4ea0
R
P 0x55ab95b42158
P 0x55ab95b88e98
P 0x55ab95bb4ea0
C 446
R
P 0x55ab95b42158
P 0x55ab95b95728
C 480
R
P 0x55ab95b42158
P 0x55ab95b95728
U 195
C 481
= 0x55ab95b52218
R
P 0x55ab95b42158
P 0x55ab95b88e98
P 0x55ab95b52218
C 446
R
P 0x55ab95b42158
P 0x55ab95b95728
C 480
R
P 0x55ab95b42158
P 0x55ab95b95728
U 196
C 481
= 0x55ab95bb4f80
R
P 0x55ab95b42158
P 0x55ab95b88e98
P 0x55ab95bb4f80
C 446
R
P 0x55ab95b42158
P 0x55ab95b95728
C 480
R
P 0x55ab95b42158
P 0x55ab95b95728
U 197
C 481
= 0x55ab95bb4fb8
R
P 0x55ab95b42158
P 0x55ab95b88e98
P 0x55ab95bb4fb8
C 446
R
P 0x55ab95b42158
P 0x55ab95b95728
C 480
R
P 0x55ab95b42158
P 0x55ab95b95728
U 198
C 481
= 0x55ab95bb5060
R
P 0x55ab95b42158
P 0x55ab95b88e98
P 0x55ab95bb5060
C 446
R
P 0x55ab95b42158
P 0x55ab95b95728
C 480
R
P 0x55ab95b42158
P 0x55ab95b95728
U 199
C 481
= 0x55ab95bb5098
R
P 0x55ab95b42158
P 0x55ab95b88e98
P 0x55ab95bb5098
C 446
R
P 0x55ab95b42158
P 0x55ab95b95728
C 480
R
P 0x55ab95b42158
P 0x55ab95b95728
U 200
C 481
= 0x55ab95bb5140
R
P 0x55ab95b42158
P 0x55ab95b88e98
P 0x55ab95bb5140
C 446
R
P 0x55ab95b42158
P 0x55ab95b95728
C 480
R
P 0x55ab95b42158
P 0x55ab95b95728
U 201
C 481
= 0x55ab95bb5178
R
P 0x55ab95b42158
P 0x55ab95b88e98
P 0x55ab95bb5178
C 446
R
P 0x55ab95b42158
P 0x55ab95b95728
C 480
R
P 0x55ab95b42158
P 0x55ab95b95728
U 202
C 481
= 0x55ab95bb51b0
R
P 0x55ab95b42158
P 0x55ab95b88e98
P 0x55ab95bb51b0
C 446
R
P 0x55ab95b42158
P 0x55ab95b95728
C 480
R
P 0x55ab95b42158
P 0x55ab95b95728
U 203
C 481
= 0x55ab95b52258
R
P 0x55ab95b42158
P 0x55ab95b88e98
P 0x55ab95b52258
C 446
R
P 0x55ab95b42158
P 0x55ab95b95728
C 480
R
P 0x55ab95b42158
P 0x55ab95b95728
U 204
C 481
= 0x55ab95bb5258
R
P 0x55ab95b42158
P 0x55ab95b88e98
P 0x55ab95bb5258
C 446
R
P 0x55ab95b42158
P 0x55ab95b95728
C 480
R
P 0x55ab95b42158
P 0x55ab95b95728
U 205
C 481
= 0x55ab95bb5290
R
P 0x55ab95b42158
P 0x55ab95b88e98
P 0x55ab95bb5290
C 446
R
P 0x55ab95b42158
P 0x55ab95b95728
C 480
R
P 0x55ab95b42158
P 0x55ab95b95728
U 206
C 481
= 0x55ab95bb52c8
R
P 0x55ab95b42158
P 0x55ab95b88e98
P 0x55ab95bb52c8
C 446
R
P 0x55ab95b42158
P 0x55ab95b95728
C 480
R
P 0x55ab95b42158
P 0x55ab95b95728
U 207
C 481
= 0x55ab95b522d8
R
P 0x55ab95b42158
P 0x55ab95b88e98
P 0x55ab95b522d8
C 446
R
P 0x55ab95b42158
P 0x55ab95b95728
C 480
R
P 0x55ab95b42158
P 0x55ab95b95728
U 208
C 481
= 0x55ab95bb5338
R
P 0x55ab95b42158
P 0x55ab95b88e98
P 0x55ab95bb5338
C 446
R
P 0x55ab95b42158
P 0x55ab95b95728
C 480
R
P 0x55ab95b42158
P 0x55ab95b95728
U 209
C 481
= 0x55ab95bb5370
R
P 0x55ab95b42158
P 0x55ab95b88e98
P 0x55ab95bb5370
C 446
R
P 0x55ab95b42158
P 0x55ab95b95728
C 480
R
P 0x55ab95b42158
P 0x55ab95b95728
U 210
C 481
= 0x55ab95bb53a8
R
P 0x55ab95b42158
P 0x55ab95b88e98
P 0x55ab95bb53a8
C 446
R
P 0x55ab95b42158
P 0x55ab95b95728
C 480
R
P 0x55ab95b42158
P 0x55ab95b95728
U 211
C 481
= 0x55ab95b52318
R
P 0x55ab95b42158
P 0x55ab95b88e98
P 0x55ab95b52318
C 446
R
P 0x55ab95b42158
P 0x55ab95b95728
C 480
R
P 0x55ab95b42158
P 0x55ab95b95728
U 212
C 481
= 0x55ab95bb5488
R
P 0x55ab95b42158
P 0x55ab95b88e98
P 0x55ab95bb5488
C 446
R
P 0x55ab95b42158
P 0x55ab95b95728
C 480
R
P 0x55ab95b42158
P 0x55ab95b95728
U 213
C 481
= 0x55ab95bb54c0
R
P 0x55ab95b42158
P 0x55ab95b88e98
P 0x55ab95bb54c0
C 446
R
P 0x55ab95b42158
P 0x55ab95b95728
C 480
R
P 0x55ab95b42158
P 0x55ab95b95728
U 214
C 481
= 0x55ab95bb5610
R
P 0x55ab95b42158
P 0x55ab95b88e98
P 0x55ab95bb5610
C 446
R
P 0x55ab95b42158
P 0x55ab95b95728
C 480
R
P 0x55ab95b42158
P 0x55ab95b95728
U 215
C 481
= 0x55ab95bb5648
R
P 0x55ab95b42158
P 0x55ab95b88e98
P 0x55ab95bb5648
C 446
R
P 0x55ab95b42158
P 0x55ab95b95728
C 480
R
P 0x55ab95b42158
P 0x55ab95b95728
U 216
C 481
= 0x55ab95bb5728
R
P 0x55ab95b42158
P 0x55ab95b88e98
P 0x55ab95bb5728
C 446
R
P 0x55ab95b42158
P 0x55ab95b95728
C 480
R
P 0x55ab95b42158
P 0x55ab95b95728
U 217
C 481
= 0x55ab95bb5760
R
P 0x55ab95b42158
P 0x55ab95b88e98
P 0x55ab95bb5760
C 446
R
P 0x55ab95b42158
P 0x55ab95b95728
C 480
R
P 0x55ab95b42158
P 0x55ab95b95728
U 218
C 481
= 0x55ab95bb5798
R
P 0x55ab95b42158
P 0x55ab95b88e98
P 0x55ab95bb5798
C 446
R
P 0x55ab95b42158
P 0x55ab95b95728
C 480
R
P 0x55ab95b42158
P 0x55ab95b95728
U 219
C 481
= 0x55ab95bb57d0
R
P 0x55ab95b42158
P 0x55ab95b88e98
P 0x55ab95bb57d0
C 446
R
P 0x55ab95b42158
P 0x55ab95b95728
C 480
R
P 0x55ab95b42158
P 0x55ab95b95728
U 220
C 481
= 0x55ab95bb5808
R
P 0x55ab95b42158
P 0x55ab95b88e98
P 0x55ab95bb5808
C 446
R
P 0x55ab95b42158
P 0x55ab95b95728
C 480
R
P 0x55ab95b42158
P 0x55ab95b95728
U 221
C 481
= 0x55ab95b52398
R
P 0x55ab95b42158
P 0x55ab95b88e98
P 0x55ab95b52398
C 446
R
P 0x55ab95b42158
P 0x55ab95b95728
C 480
R
P 0x55ab95b42158
P 0x55ab95b95728
U 222
C 481
= 0x55ab95bb58e8
R
P 0x55ab95b42158
P 0x55ab95b88e98
P 0x55ab95bb58e8
C 446
R
P 0x55ab95b42158
P 0x55ab95b95728
C 480
R
P 0x55ab95b42158
P 0x55ab95b95728
U 223
C 481
= 0x55ab95bb5920
R
P 0x55ab95b42158
P 0x55ab95b88e98
P 0x55ab95bb5920
C 446
R
P 0x55ab95b42158
P 0x55ab95b95728
C 480
R
P 0x55ab95b42158
P 0x55ab95b95728
U 224
C 481
= 0x55ab95bb59c8
R
P 0x55ab95b42158
P 0x55ab95b88e98
P 0x55ab95bb59c8
C 446
R
P 0x55ab95b42158
P 0x55ab95b95728
C 480
R
P 0x55ab95b42158
P 0x55ab95b95728
U 225
C 481
= 0x55ab95bb5a00
R
P 0x55ab95b42158
P 0x55ab95b88e98
P 0x55ab95bb5a00
C 446
R
P 0x55ab95b42158
P 0x55ab95b95728
C 480
R
P 0x55ab95b42158
P 0x55ab95b95728
U 226
C 481
= 0x55ab95bb5aa8
R
P 0x55ab95b42158
P 0x55ab95b88e98
P 0x55ab95bb5aa8
C 446
R
P 0x55ab95b42158
P 0x55ab95b95728
C 480
R
P 0x55ab95b42158
P 0x55ab95b95728
U 227
C 481
= 0x55ab95bb5ae0
R
P 0x55ab95b42158
P 0x55ab95b88e98
P 0x55ab95bb5ae0
C 446
R
P 0x55ab95b42158
P 0x55ab95b95728
C 480
R
P 0x55ab95b42158
P 0x55ab95b95728
U 228
C 481
= 0x55ab95bb5b18
R
P 0x55ab95b42158
P 0x55ab95b88e98
P 0x55ab95bb5b18
C 446
R
P 0x55ab95b42158
P 0x55ab95b95728
C 480
R
P 0x55ab95b42158
P 0x55ab95b95728
U 229
C 481
= 0x55ab95b523d8
R
P 0x55ab95b42158
P 0x55ab95b88e98
P 0x55ab95b523d8
C 446
R
P 0x55ab95b42158
P 0x55ab95b95728
C 480
R
P 0x55ab95b42158
P 0x55ab95b95728
U 230
C 481
= 0x55ab95bb5bc0
R
P 0x55ab95b42158
P 0x55ab95b88e98
P 0x55ab95bb5bc0
C 446
R
P 0x55ab95b42158
P 0x55ab95b95728
C 480
R
P 0x55ab95b42158
P 0x55ab95b95728
U 231
C 481
= 0x55ab95bb5bf8
R
P 0x55ab95b42158
P 0x55ab95b88e98
P 0x55ab95bb5bf8
C 446
R
P 0x55ab95b42158
P 0x55ab95b95728
C 480
R
P 0x55ab95b42158
P 0x55ab95b95728
U 232
C 481
= 0x55ab95bb5c30
R
P 0x55ab95b42158
P 0x55ab95b88e98
P 0x55ab95bb5c30
C 446
R
P 0x55ab95b42158
P 0x55ab95b95728
C 480
R
P 0x55ab95b42158
P 0x55ab95b95728
U 233
C 481
= 0x55ab95b52458
R
P 0x55ab95b42158
P 0x55ab95b88e98
P 0x55ab95b52458
C 446
R
P 0x55ab95b42158
P 0x55ab95b95728
C 480
R
P 0x55ab95b42158
P 0x55ab95b95728
U 234
C 481
= 0x55ab95bb5ca0
R
P 0x55ab95b42158
P 0x55ab95b88e98
P 0x55ab95bb5ca0
C 446
R
P 0x55ab95b42158
P 0x55ab95b95728
C 480
R
P 0x55ab95b42158
P 0x55ab95b95728
U 235
C 481
= 0x55ab95bb5cd8
R
P 0x55ab95b42158
P 0x55ab95b88e98
P 0x55ab95bb5cd8
C 446
R
P 0x55ab95b42158
P 0x55ab95b95728
C 480
R
P 0x55ab95b42158
P 0x55ab95b95728
U 236
C 481
= 0x55ab95bb5d10
R
P 0x55ab95b42158
P 0x55ab95b88e98
P 0x55ab95bb5d10
C 446
R
P 0x55ab95b42158
P 0x55ab95b95728
C 480
R
P 0x55ab95b42158
P 0x55ab95b95728
U 237
C 481
= 0x55ab95b52498
R
P 0x55ab95b42158
P 0x55ab95b88e98
P 0x55ab95b52498
C 446
R
P 0x55ab95b42158
P 0x55ab95b95728
C 480
R
P 0x55ab95b42158
P 0x55ab95b95728
U 238
C 481
= 0x55ab95bb5df0
R
P 0x55ab95b42158
P 0x55ab95b88e98
P 0x55ab95bb5df0
C 446
R
P 0x55ab95b42158
P 0x55ab95b95728
C 480
R
P 0x55ab95b42158
P 0x55ab95b95728
U 239
C 481
= 0x55ab95bb5e28
R
P 0x55ab95b42158
P 0x55ab95b88e98
P 0x55ab95bb5e28
C 446
R
P 0x55ab95b42158
P 0x55ab95b95728
C 480
R
P 0x55ab95b42158
P 0x55ab95b95728
U 240
C 481
= 0x55ab95bb5f78
R
P 0x55ab95b42158
P 0x55ab95b88e98
P 0x55ab95bb5f78
C 446
R
P 0x55ab95b42158
P 0x55ab95b95728
C 480
R
P 0x55ab95b42158
P 0x55ab95b95728
U 241
C 481
= 0x55ab95bb5fb0
R
P 0x55ab95b42158
P 0x55ab95b88e98
P 0x55ab95bb5fb0
C 446
R
P 0x55ab95b42158
P 0x55ab95b95728
C 480
R
P 0x55ab95b42158
P 0x55ab95b95728
U 242
C 481
= 0x55ab95bb6090
R
P 0x55ab95b42158
P 0x55ab95b88e98
P 0x55ab95bb6090
C 446
R
P 0x55ab95b42158
P 0x55ab95b95728
C 480
R
P 0x55ab95b42158
P 0x55ab95b95728
U 243
C 481
= 0x55ab95bb60c8
R
P 0x55ab95b42158
P 0x55ab95b88e98
P 0x55ab95bb60c8
C 446
R
P 0x55ab95b42158
P 0x55ab95b95728
C 480
R
P 0x55ab95b42158
P 0x55ab95b95728
U 244
C 481
= 0x55ab95bb6100
R
P 0x55ab95b42158
P 0x55ab95b88e98
P 0x55ab95bb6100
C 446
R
P 0x55ab95b42158
P 0x55ab95b95728
C 480
R
P 0x55ab95b42158
P 0x55ab95b95728
U 245
C 481
= 0x55ab95bb6138
R
P 0x55ab95b42158
P 0x55ab95b88e98
P 0x55ab95bb6138
C 446
R
P 0x55ab95b42158
P 0x55ab95b95728
C 480
R
P 0x55ab95b42158
P 0x55ab95b95728
U 246
C 481
= 0x55ab95bb6170
R
P 0x55ab95b42158
P 0x55ab95b88e98
P 0x55ab95bb6170
C 446
R
P 0x55ab95b42158
P 0x55ab95b95728
C 480
R
P 0x55ab95b42158
P 0x55ab95b95728
U 247
C 481
= 0x55ab95b52518
R
P 0x55ab95b42158
P 0x55ab95b88e98
P 0x55ab95b52518
C 446
R
P 0x55ab95b42158
P 0x55ab95b95728
C 480
R
P 0x55ab95b42158
P 0x55ab95b95728
U 248
C 481
= 0x55ab95bb6250
R
P 0x55ab95b42158
P 0x55ab95b88e98
P 0x55ab95bb6250
C 446
R
P 0x55ab95b42158
P 0x55ab95b95728
C 480
R
P 0x55ab95b42158
P 0x55ab95b95728
U 249
C 481
= 0x55ab95bb6288
R
P 0x55ab95b42158
P 0x55ab95b88e98
P 0x55ab95bb6288
C 446
R
P 0x55ab95b42158
P 0x55ab95b95728
C 480
R
P 0x55ab95b42158
P 0x55ab95b95728
U 250
C 481
= 0x55ab95bb6330
R
P 0x55ab95b42158
P 0x55ab95b88e98
P 0x55ab95bb6330
C 446
R
P 0x55ab95b42158
P 0x55ab95b95728
C 480
R
P 0x55ab95b42158
P 0x55ab95b95728
U 251
C 481
= 0x55ab95bb6368
R
P 0x55ab95b42158
P 0x55ab95b88e98
P 0x55ab95bb6368
C 446
R
P 0x55ab95b42158
P 0x55ab95b95728
C 480
R
P 0x55ab95b42158
P 0x55ab95b95728
U 252
C 481
= 0x55ab95bb6410
R
P 0x55ab95b42158
P 0x55ab95b88e98
P 0x55ab95bb6410
C 446
R
P 0x55ab95b42158
P 0x55ab95b95728
C 480
R
P 0x55ab95b42158
P 0x55ab95b95728
U 253
C 481
= 0x55ab95bb6448
R
P 0x55ab95b42158
P 0x55ab95b88e98
P 0x55ab95bb6448
C 446
R
P 0x55ab95b42158
P 0x55ab95b95728
C 480
R
P 0x55ab95b42158
P 0x55ab95b95728
U 254
C 481
= 0x55ab95bb6480
R
P 0x55ab95b42158
P 0x55ab95b88e98
P 0x55ab95bb6480
C 446
R
P 0x55ab95b42158
P 0x55ab95b95728
C 480
R
P 0x55ab95b42158
P 0x55ab95b95728
U 255
C 481
= 0x55ab95bb64b8
R
P 0x55ab95b42158
P 0x55ab95b88e98
P 0x55ab95bb64b8
C 446
R
P 0x55ab95b42158
P 0x55ab95b95728
C 480
R
P 0x55ab95b42158
P 0x55ab95b95728
U 256
C 481
= 0x55ab95bb64f0
R
P 0x55ab95b42158
P 0x55ab95b88e98
P 0x55ab95bb64f0
C 446
R
P 0x55ab95b42158
P 0x55ab95b95728
C 480
R
P 0x55ab95b42158
P 0x55ab95b95728
U 257
C 481
= 0x55ab95b52558
R
P 0x55ab95b42158
P 0x55ab95b88e98
P 0x55ab95b52558
C 446
R
P 0x55ab95b42158
P 0x55ab95b95728
C 480
R
P 0x55ab95b42158
P 0x55ab95b95728
U 258
C 481
= 0x55ab95bb6560
R
P 0x55ab95b42158
P 0x55ab95b88e98
P 0x55ab95bb6560
C 446
R
P 0x55ab95b42158
P 0x55ab95b95728
C 480
R
P 0x55ab95b42158
P 0x55ab95b95728
U 259
C 481
= 0x55ab95bb6598
R
P 0x55ab95b42158
P 0x55ab95b88e98
P 0x55ab95bb6598
C 446
R
P 0x55ab95b42158
P 0x55ab95b95728
C 480
R
P 0x55ab95b42158
P 0x55ab95b95728
U 260
C 481
= 0x55ab95bb65d0
R
P 0x55ab95b42158
P 0x55ab95b88e98
P 0x55ab95bb65d0
C 446
R
P 0x55ab95b42158
P 0x55ab95b95728
C 480
R
P 0x55ab95b42158
P 0x55ab95b95728
U 261
C 481
= 0x55ab95b525d8
R
P 0x55ab95b42158
P 0x55ab95b88e98
P 0x55ab95b525d8
C 446
R
P 0x55ab95b42158
P 0x55ab95b95728
C 480
R
P 0x55ab95b42158
P 0x55ab95b95728
U 262
C 481
= 0x55ab95bb6678
R
P 0x55ab95b42158
P 0x55ab95b88e98
P 0x55ab95bb6678
C 446
R
P 0x55ab95b42158
P 0x55ab95b95728
C 480
R
P 0x55ab95b42158
P 0x55ab95b95728
U 263
C 481
= 0x55ab95bb66b0
R
P 0x55ab95b42158
P 0x55ab95b88e98
P 0x55ab95bb66b0
C 446
R
P 0x55ab95b42158
P 0x55ab95b95728
C 480
R
P 0x55ab95b42158
P 0x55ab95b95728
U 264
C 481
= 0x55ab95bb66e8
R
P 0x55ab95b42158
P 0x55ab95b88e98
P 0x55ab95bb66e8
C 446
R
P 0x55ab95b42158
P 0x55ab95b95728
C 480
R
P 0x55ab95b42158
P 0x55ab95b95728
U 265
C 481
= 0x55ab95bb6720
R
P 0x55ab95b42158
P 0x55ab95b88e98
P 0x55ab95bb6720
C 446
R
P 0x55ab95b42158
P 0x55ab95b95728
C 480
R
P 0x55ab95b42158
P 0x55ab95b95728
U 266
C 481
= 0x55ab95bb6758
R
P 0x55ab95b42158
P 0x55ab95b88e98
P 0x55ab95bb6758
C 446
R
P 0x55ab95b42158
P 0x55ab95b95728
C 480
R
P 0x55ab95b42158
P 0x55ab95b95728
U 267
C 481
= 0x55ab95b52658
R
P 0x55ab95b42158
P 0x55ab95b88e98
P 0x55ab95b52658
C 446
R
P 0x55ab95b42158
P 0x55ab95b95728
C 480
R
P 0x55ab95b42158
P 0x55ab95b95728
U 268
C 481
= 0x55ab95bb6838
R
P 0x55ab95b42158
P 0x55ab95b88e98
P 0x55ab95bb6838
C 446
R
P 0x55ab95b42158
P 0x55ab95b95728
C 480
R
P 0x55ab95b42158
P 0x55ab95b95728
U 269
C 481
= 0x55ab95bb6870
R
P 0x55ab95b42158
P 0x55ab95b88e98
P 0x55ab95bb6870
C 446
R
P 0x55ab95b42158
P 0x55ab95b95728
C 480
R
P 0x55ab95b42158
P 0x55ab95b95728
U 270
C 481
= 0x55ab95bb6950
R
P 0x55ab95b42158
P 0x55ab95b88e98
P 0x55ab95bb6950
C 446
R
P 0x55ab95b42158
P 0x55ab95b95728
C 480
R
P 0x55ab95b42158
P 0x55ab95b95728
U 271
C 481
= 0x55ab95bb6988
R
P 0x55ab95b42158
P 0x55ab95b88e98
P 0x55ab95bb6988
C 446
R
P 0x55ab95b42158
P 0x55ab95b95728
C 480
R
P 0x55ab95b42158
P 0x55ab95b95728
U 272
C 481
= 0x55ab95bd0ae0
R
P 0x55ab95b42158
P 0x55ab95b88e98
P 0x55ab95bd0ae0
C 446
R
P 0x55ab95b42158
P 0x55ab95b95728
C 480
R
P 0x55ab95b42158
P 0x55ab95b95728
U 273
C 481
= 0x55ab95bd0b18
R
P 0x55ab95b42158
P 0x55ab95b88e98
P 0x55ab95bd0b18
C 446
R
P 0x55ab95b42158
P 0x55ab95b95728
C 480
R
P 0x55ab95b42158
P 0x55ab95b95728
U 274
C 481
= 0x55ab95bd0b50
R
P 0x55ab95b42158
P 0x55ab95b88e98
P 0x55ab95bd0b50
C 446
R
P 0x55ab95b42158
P 0x55ab95b95728
C 480
R
P 0x55ab95b42158
P 0x55ab95b95728
U 275
C 481
= 0x55ab95b526d8
R
P 0x55ab95b42158
P 0x55ab95b88e98
P 0x55ab95b526d8
C 446
R
P 0x55ab95b42158
P 0x55ab95b95728
C 480
R
P 0x55ab95b42158
P 0x55ab95b95728
U 276
C 481
= 0x55ab95bd0bf8
R
P 0x55ab95b42158
P 0x55ab95b88e98
P 0x55ab95bd0bf8
C 446
R
P 0x55ab95b42158
P 0x55ab95b95728
C 480
R
P 0x55ab95b42158
P 0x55ab95b95728
U 277
C 481
= 0x55ab95bd0c30
R
P 0x55ab95b42158
P 0x55ab95b88e98
P 0x55ab95bd0c30
C 446
R
P 0x55ab95b42158
P 0x55ab95b95728
C 480
R
P 0x55ab95b42158
P 0x55ab95b95728
U 278
C 481
= 0x55ab95bd0c68
R
P 0x55ab95b42158
P 0x55ab95b88e98
P 0x55ab95bd0c68
C 446
R
P 0x55ab95b42158
P 0x55ab95b95728
C 480
R
P 0x55ab95b42158
P 0x55ab95b95728
U 279
C 481
= 0x55ab95bd0ca0
R
P 0x55ab95b42158
P 0x55ab95b88e98
P 0x55ab95bd0ca0
C 446
R
P 0x55ab95b42158
P 0x55ab95b95728
C 480
R
P 0x55ab95b42158
P 0x55ab95b95728
U 280
C 481
= 0x55ab95bd0cd8
R
P 0x55ab95b42158
P 0x55ab95b88e98
P 0x55ab95bd0cd8
C 446
R
P 0x55ab95b42158
P 0x55ab95b95728
C 480
R
P 0x55ab95b42158
P 0x55ab95b95728
U 281
C 481
= 0x55ab95b52758
R
P 0x55ab95b42158
P 0x55ab95b88e98
P 0x55ab95b52758
C 446
R
P 0x55ab95b42158
P 0x55ab95b95728
C 480
R
P 0x55ab95b42158
P 0x55ab95b95728
U 282
C 481
= 0x55ab95bd0db8
R
P 0x55ab95b42158
P 0x55ab95b88e98
P 0x55ab95bd0db8
C 446
R
P 0x55ab95b42158
P 0x55ab95b95728
C 480
R
P 0x55ab95b42158
P 0x55ab95b95728
U 283
C 481
= 0x55ab95bd0df0
R
P 0x55ab95b42158
P 0x55ab95b88e98
P 0x55ab95bd0df0
C 446
R
P 0x55ab95b42158
P 0x55ab95b95728
C 480
R
P 0x55ab95b42158
P 0x55ab95b95728
U 284
C 481
= 0x55ab95bd0f40
R
P 0x55ab95b42158
P 0x55ab95b88e98
P 0x55ab95bd0f40
C 446
R
P 0x55ab95b42158
P 0x55ab95b95728
C 480
R
P 0x55ab95b42158
P 0x55ab95b95728
U 285
C 481
= 0x55ab95bd0f78
R
P 0x55ab95b42158
P 0x55ab95b88e98
P 0x55ab95bd0f78
C 446
R
P 0x55ab95b42158
P 0x55ab95b95728
C 480
R
P 0x55ab95b42158
P 0x55ab95b95728
U 286
C 481
= 0x55ab95bd1058
R
P 0x55ab95b42158
P 0x55ab95b88e98
P 0x55ab95bd1058
C 446
R
P 0x55ab95b42158
P 0x55ab95b95728
C 480
R
P 0x55ab95b42158
P 0x55ab95b95728
U 287
C 481
= 0x55ab95bd1090
R
P 0x55ab95b42158
P 0x55ab95b88e98
P 0x55ab95bd1090
C 446
R
P 0x55ab95b42158
P 0x55ab95b95728
C 480
R
P 0x55ab95b42158
P 0x55ab95b95728
U 288
C 481
= 0x55ab95bd10c8
R
P 0x55ab95b42158
P 0x55ab95b88e98
P 0x55ab95bd10c8
C 446
R
P 0x55ab95b42158
P 0x55ab95b95728
C 480
R
P 0x55ab95b42158
P 0x55ab95b95728
U 289
C 481
= 0x55ab95b527d8
R
P 0x55ab95b42158
P 0x55ab95b88e98
P 0x55ab95b527d8
C 446
R
P 0x55ab95b42158
P 0x55ab95b95728
C 480
R
P 0x55ab95b42158
P 0x55ab95b95728
U 290
C 481
= 0x55ab95bd1170
R
P 0x55ab95b42158
P 0x55ab95b88e98
P 0x55ab95bd1170
C 446
R
P 0x55ab95b42158
P 0x55ab95b95728
C 480
R
P 0x55ab95b42158
P 0x55ab95b95728
U 291
C 481
= 0x55ab95bd11a8
R
P 0x55ab95b42158
P 0x55ab95b88e98
P 0x55ab95bd11a8
C 446
R
P 0x55ab95b42158
P 0x55ab95b95728
C 480
R
P 0x55ab95b42158
P 0x55ab95b95728
U 292
C 481
= 0x55ab95bd11e0
R
P 0x55ab95b42158
P 0x55ab95b88e98
P 0x55ab95bd11e0
C 446
R
P 0x55ab95b42158
P 0x55ab95b95728
C 480
R
P 0x55ab95b42158
P 0x55ab95b95728
U 293
C 481
= 0x55ab95bd1218
R
P 0x55ab95b42158
P 0x55ab95b88e98
P 0x55ab95bd1218
C 446
R
P 0x55ab95b42158
P 0x55ab95b95728
C 480
R
P 0x55ab95b42158
P 0x55ab95b95728
U 294
C 481
= 0x55ab95bd1250
R
P 0x55ab95b42158
P 0x55ab95b88e98
P 0x55ab95bd1250
C 446
R
P 0x55ab95b42158
P 0x55ab95b95728
C 480
R
P 0x55ab95b42158
P 0x55ab95b95728
U 295
C 481
= 0x55ab95b52858
R
P 0x55ab95b42158
P 0x55ab95b88e98
P 0x55ab95b52858
C 446
R
P 0x55ab95b42158
P 0x55ab95b95728
C 480
R
P 0x55ab95b42158
P 0x55ab95b95728
U 296
C 481
= 0x55ab95bd1330
R
P 0x55ab95b42158
P 0x55ab95b88e98
P 0x55ab95bd1330
C 446
R
P 0x55ab95b42158
P 0x55ab95b95728
C 480
R
P 0x55ab95b42158
P 0x55ab95b95728
U 297
C 481
= 0x55ab95bd1368
R
P 0x55ab95b42158
P 0x55ab95b88e98
P 0x55ab95bd1368
C 446
R
P 0x55ab95b42158
P 0x55ab95b95728
C 480
R
P 0x55ab95b42158
P 0x55ab95b95728
U 298
C 481
= 0x55ab95bd14b8
R
P 0x55ab95b42158
P 0x55ab95b88e98
P 0x55ab95bd14b8
C 446
R
P 0x55ab95b42158
P 0x55ab95b95728
C 480
R
P 0x55ab95b42158
P 0x55ab95b95728
U 299
C 481
= 0x55ab95bd14f0
R
P 0x55ab95b42158
P 0x55ab95b88e98
P 0x55ab95bd14f0
C 446
R
P 0x55ab95b42158
P 0x55ab95b95728
C 480
R
P 0x55ab95b42158
P 0x55ab95b95728
U 300
C 481
= 0x55ab95bd15d0
R
P 0x55ab95b42158
P 0x55ab95b88e98
P 0x55ab95bd15d0
C 446
R
P 0x55ab95b42158
P 0x55ab95b95728
C 480
R
P 0x55ab95b42158
P 0x55ab95b95728
U 301
C 481
= 0x55ab95bd1608
R
P 0x55ab95b42158
P 0x55ab95b88e98
P 0x55ab95bd1608
C 446
R
P 0x55ab95b42158
P 0x55ab95b95728
C 480
R
P 0x55ab95b42158
P 0x55ab95b95728
U 302
C 481
= 0x55ab95bd1640
R
P 0x55ab95b42158
P 0x55ab95b88e98
P 0x55ab95bd1640
C 446
R
P 0x55ab95b42158
P 0x55ab95b95728
C 480
R
P 0x55ab95b42158
P 0x55ab95b95728
U 303
C 481
= 0x55ab95b528d8
R
P 0x55ab95b42158
P 0x55ab95b88e98
P 0x55ab95b528d8
C 446
R
P 0x55ab95b42158
P 0x55ab95b95728
C 480
R
P 0x55ab95b42158
P 0x55ab95b95728
U 304
C 481
= 0x55ab95bd16e8
R
P 0x55ab95b42158
P 0x55ab95b88e98
P 0x55ab95bd16e8
C 446
R
P 0x55ab95b42158
P 0x55ab95b95728
C 480
R
P 0x55ab95b42158
P 0x55ab95b95728
U 305
C 481
= 0x55ab95bd1720
R
P 0x55ab95b42158
P 0x55ab95b88e98
P 0x55ab95bd1720
C 446
R
P 0x55ab95b42158
P 0x55ab95b95728
C 480
R
P 0x55ab95b42158
P 0x55ab95b95728
U 306
C 481
= 0x55ab95bd1758
R
P 0x55ab95b42158
P 0x55ab95b88e98
P 0x55ab95bd1758
C 446
R
P 0x55ab95b42158
P 0x55ab95b95728
C 480
R
P 0x55ab95b42158
P 0x55ab95b95728
U 307
C 481
= 0x55ab95bd1790
R
P 0x55ab95b42158
P 0x55ab95b88e98
P 0x55ab95bd1790
C 446
R
P 0x55ab95b42158
P 0x55ab95b95728
C 480
R
P 0x55ab95b42158
P 0x55ab95b95728
U 308
C 481
= 0x55ab95bd17c8
R
P 0x55ab95b42158
P 0x55ab95b88e98
P 0x55ab95bd17c8
C 446
R
P 0x55ab95b42158
P 0x55ab95b95728
C 480
R
P 0x55ab95b42158
P 0x55ab95b95728
U 309
C 481
= 0x55ab95b52958
R
P 0x55ab95b42158
P 0x55ab95b88e98
P 0x55ab95b52958
C 446
R
P 0x55ab95b42158
P 0x55ab95b95728
C 480
R
P 0x55ab95b42158
P 0x55ab95b95728
U 310
C 481
= 0x55ab95bd18a8
R
P 0x55ab95b42158
P 0x55ab95b88e98
P 0x55ab95bd18a8
C 446
R
P 0x55ab95b42158
P 0x55ab95b95728
C 480
R
P 0x55ab95b42158
P 0x55ab95b95728
U 311
C 481
= 0x55ab95bd18e0
R
P 0x55ab95b42158
P 0x55ab95b88e98
P 0x55ab95bd18e0
C 446
R
P 0x55ab95b42158
P 0x55ab95b95728
C 480
R
P 0x55ab95b42158
P 0x55ab95b95728
U 312
C 481
= 0x55ab95bd1a30
R
P 0x55ab95b42158
P 0x55ab95b88e98
P 0x55ab95bd1a30
C 446
R
P 0x55ab95b42158
P 0x55ab95b95728
C 480
R
P 0x55ab95b42158
P 0x55ab95b95728
U 313
C 481
= 0x55ab95bd1a68
R
P 0x55ab95b42158
P 0x55ab95b88e98
P 0x55ab95bd1a68
C 446
R
P 0x55ab95b42158
P 0x55ab95b95728
C 480
R
P 0x55ab95b42158
P 0x55ab95b95728
U 314
C 481
= 0x55ab95bd1b48
R
P 0x55ab95b42158
P 0x55ab95b88e98
P 0x55ab95bd1b48
C 446
R
P 0x55ab95b42158
P 0x55ab95b95728
C 480
R
P 0x55ab95b42158
P 0x55ab95b95728
U 315
C 481
= 0x55ab95bd1b80
R
P 0x55ab95b42158
P 0x55ab95b88e98
P 0x55ab95bd1b80
C 446
R
P 0x55ab95b42158
P 0x55ab95b95728
C 480
R
P 0x55ab95b42158
P 0x55ab95b95728
U 316
C 481
= 0x55ab95bd1bb8
R
P 0x55ab95b42158
P 0x55ab95b88e98
P 0x55ab95bd1bb8
C 446
R
P 0x55ab95b42158
P 0x55ab95b95728
C 480
R
P 0x55ab95b42158
P 0x55ab95b95728
U 317
C 481
= 0x55ab95bd1bf0
R
P 0x55ab95b42158
P 0x55ab95b88e98
P 0x55ab95bd1bf0
C 446
R
P 0x55ab95b42158
P 0x55ab95b95728
C 480
R
P 0x55ab95b42158
P 0x55ab95b95728
U 318
C 481
= 0x55ab95bd1c28
R
P 0x55ab95b42158
P 0x55ab95b88e98
P 0x55ab95bd1c28
C 446
R
P 0x55ab95b42158
P 0x55ab95b95728
C 480
R
P 0x55ab95b42158
P 0x55ab95b95728
U 319
C 481
= 0x55ab95b52a18
R
P 0x55ab95b42158
P 0x55ab95b88e98
P 0x55ab95b52a18
C 446
R
P 0x55ab95b42158
P 0x55ab95b95728
C 480
R
P 0x55ab95b42158
P 0x55ab95b95728
U 320
C 481
= 0x55ab95bd1d78
R
P 0x55ab95b42158
P 0x55ab95b88e98
P 0x55ab95bd1d78
C 446
R
P 0x55ab95b42158
P 0x55ab95b95728
C 480
R
P 0x55ab95b42158
P 0x55ab95b95728
U 321
C 481
= 0x55ab95bd1db0
R
P 0x55ab95b42158
P 0x55ab95b88e98
P 0x55ab95bd1db0
C 446
R
P 0x55ab95b42158
P 0x55ab95b95728
C 480
R
P 0x55ab95b42158
P 0x55ab95b95728
U 322
C 481
= 0x55ab95bd1e58
R
P 0x55ab95b42158
P 0x55ab95b88e98
P 0x55ab95bd1e58
C 446
R
P 0x55ab95b42158
P 0x55ab95b95728
C 480
R
P 0x55ab95b42158
P 0x55ab95b95728
U 323
C 481
= 0x55ab95b52a98
R
P 0x55ab95b42158
P 0x55ab95b88e98
P 0x55ab95b52a98
C 446
R
P 0x55ab95b42158
P 0x55ab95b95728
C 480
R
P 0x55ab95b42158
P 0x55ab95b95728
U 324
C 481
= 0x55ab95bd1f00
R
P 0x55ab95b42158
P 0x55ab95b88e98
P 0x55ab95bd1f00
C 446
R
P 0x55ab95b42158
P 0x55ab95b95728
C 480
R
P 0x55ab95b42158
P 0x55ab95b95728
U 325
C 481
= 0x55ab95bd1f38
R
P 0x55ab95b42158
P 0x55ab95b88e98
P 0x55ab95bd1f38
C 446
R
P 0x55ab95b42158
P 0x55ab95b95728
C 480
R
P 0x55ab95b42158
P 0x55ab95b95728
U 326
C 481
= 0x55ab95bd1fa8
R
P 0x55ab95b42158
P 0x55ab95b88e98
P 0x55ab95bd1fa8
C 446
R
P 0x55ab95b42158
P 0x55ab95b95728
C 480
R
P 0x55ab95b42158
P 0x55ab95b95728
U 327
C 481
= 0x55ab95b52ad8
R
P 0x55ab95b42158
P 0x55ab95b88e98
P 0x55ab95b52ad8
C 446
R
P 0x55ab95b42158
P 0x55ab95b95728
C 480
R
P 0x55ab95b42158
P 0x55ab95b95728
U 328
C 481
= 0x55ab95bd2088
R
P 0x55ab95b42158
P 0x55ab95b88e98
P 0x55ab95bd2088
C 446
R
P 0x55ab95b42158
P 0x55ab95b95728
C 480
R
P 0x55ab95b42158
P 0x55ab95b95728
U 329
C 481
= 0x55ab95bd20c0
R
P 0x55ab95b42158
P 0x55ab95b88e98
P 0x55ab95bd20c0
C 446
R
P 0x55ab95b42158
P 0x55ab95b95728
C 480
R
P 0x55ab95b42158
P 0x55ab95b95728
U 330
C 481
= 0x55ab95bd2168
R
P 0x55ab95b42158
P 0x55ab95b88e98
P 0x55ab95bd2168
C 446
R
P 0x55ab95b42158
P 0x55ab95b95728
C 480
R
P 0x55ab95b42158
P 0x55ab95b95728
U 331
C 481
= 0x55ab95bd21a0
R
P 0x55ab95b42158
P 0x55ab95b88e98
P 0x55ab95bd21a0
C 446
R
P 0x55ab95b42158
P 0x55ab95b95728
C 480
R
P 0x55ab95b42158
P 0x55ab95b95728
U 332
C 481
= 0x55ab95bd2210
R
P 0x55ab95b42158
P 0x55ab95b88e98
P 0x55ab95bd2210
C 446
R
P 0x55ab95b42158
P 0x55ab95b95728
C 480
R
P 0x55ab95b42158
P 0x55ab95b95728
U 333
C 481
= 0x55ab95bd2248
R
P 0x55ab95b42158
P 0x55ab95b88e98
P 0x55ab95bd2248
C 446
R
P 0x55ab95b42158
P 0x55ab95b95728
C 480
R
P 0x55ab95b42158
P 0x55ab95b95728
U 334
C 481
= 0x55ab95bd2280
R
P 0x55ab95b42158
P 0x55ab95b88e98
P 0x55ab95bd2280
C 446
R
P 0x55ab95b42158
P 0x55ab95b95728
C 480
R
P 0x55ab95b42158
P 0x55ab95b95728
U 335
C 481
= 0x55ab95b52b18
R
P 0x55ab95b42158
P 0x55ab95b88e98
P 0x55ab95b52b18
C 446
R
P 0x55ab95b42158
P 0x55ab95b95728
C 480
R
P 0x55ab95b42158
P 0x55ab95b95728
U 336
C 481
= 0x55ab95bd2520
R
P 0x55ab95b42158
P 0x55ab95b88e98
P 0x55ab95bd2520
C 446
R
P 0x55ab95b42158
P 0x55ab95b95728
C 480
R
P 0x55ab95b42158
P 0x55ab95b95728
U 337
C 481
= 0x55ab95bd2558
R
P 0x55ab95b42158
P 0x55ab95b88e98
P 0x55ab95bd2558
C 446
R
P 0x55ab95b42158
P 0x55ab95b95728
C 480
R
P 0x55ab95b42158
P 0x55ab95b95728
U 338
C 481
= 0x55ab95bd2590
R
P 0x55ab95b42158
P 0x55ab95b88e98
P 0x55ab95bd2590
C 446
R
P 0x55ab95b42158
P 0x55ab95b95728
C 480
R
P 0x55ab95b42158
P 0x55ab95b95728
U 339
C 481
= 0x55ab95b52b58
R
P 0x55ab95b42158
P 0x55ab95b88e98
P 0x55ab95b52b58
C 446
R
P 0x55ab95b42158
P 0x55ab95b95728
C 480
R
P 0x55ab95b42158
P 0x55ab95b95728
U 340
C 481
= 0x55ab95bd2638
R
P 0x55ab95b42158
P 0x55ab95b88e98
P 0x55ab95bd2638
C 446
R
P 0x55ab95b42158
P 0x55ab95b95728
C 480
R
P 0x55ab95b42158
P 0x55ab95b95728
U 341
C 481
= 0x55ab95bd2670
R
P 0x55ab95b42158
P 0x55ab95b88e98
P 0x55ab95bd2670
C 446
R
P 0x55ab95b42158
P 0x55ab95b95728
C 480
R
P 0x55ab95b42158
P 0x55ab95b95728
U 342
C 481
= 0x55ab95bd2718
R
P 0x55ab95b42158
P 0x55ab95b88e98
P 0x55ab95bd2718
C 446
R
P 0x55ab95b42158
P 0x55ab95b95728
C 480
R
P 0x55ab95b42158
P 0x55ab95b95728
U 343
C 481
= 0x55ab95bd2750
R
P 0x55ab95b42158
P 0x55ab95b88e98
P 0x55ab95bd2750
C 446
R
P 0x55ab95b42158
P 0x55ab95b95728
C 480
R
P 0x55ab95b42158
P 0x55ab95b95728
U 344
C 481
= 0x55ab95bd2788
R
P 0x55ab95b42158
P 0x55ab95b88e98
P 0x55ab95bd2788
C 446
R
P 0x55ab95b42158
P 0x55ab95b95728
C 480
R
P 0x55ab95b42158
P 0x55ab95b95728
U 345
C 481
= 0x55ab95b52b98
R
P 0x55ab95b42158
P 0x55ab95b88e98
P 0x55ab95b52b98
C 446
R
P 0x55ab95b42158
P 0x55ab95b95728
C 480
R
P 0x55ab95b42158
P 0x55ab95b95728
U 346
C 481
= 0x55ab95bd2830
R
P 0x55ab95b42158
P 0x55ab95b88e98
P 0x55ab95bd2830
C 446
R
P 0x55ab95b42158
P 0x55ab95b95728
C 480
R
P 0x55ab95b42158
P 0x55ab95b95728
U 347
C 481
= 0x55ab95bd2868
R
P 0x55ab95b42158
P 0x55ab95b88e98
P 0x55ab95bd2868
C 446
R
P 0x55ab95b42158
P 0x55ab95b95728
C 480
R
P 0x55ab95b42158
P 0x55ab95b95728
U 348
C 481
= 0x55ab95bd2910
R
P 0x55ab95b42158
P 0x55ab95b88e98
P 0x55ab95bd2910
C 446
R
P 0x55ab95b42158
P 0x55ab95b95728
C 480
R
P 0x55ab95b42158
P 0x55ab95b95728
U 349
C 481
= 0x55ab95bd2948
R
P 0x55ab95b42158
P 0x55ab95b88e98
P 0x55ab95bd2948
C 446
R
P 0x55ab95b42158
P 0x55ab95b95728
C 480
R
P 0x55ab95b42158
P 0x55ab95b95728
U 350
C 481
= 0x55ab95bd2980
R
P 0x55ab95b42158
P 0x55ab95b88e98
P 0x55ab95bd2980
C 446
R
P 0x55ab95b42158
P 0x55ab95b95728
C 480
R
P 0x55ab95b42158
P 0x55ab95b95728
U 351
C 481
= 0x55ab95b52bd8
R
P 0x55ab95b42158
P 0x55ab95b88e98
P 0x55ab95b52bd8
C 446
R
P 0x55ab95b42158
P 0x55ab95b95728
C 480
R
P 0x55ab95b42158
P 0x55ab95b95728
U 352
C 481
= 0x55ab95bd4a90
R
P 0x55ab95b42158
P 0x55ab95b88e98
P 0x55ab95bd4a90
C 446
R
P 0x55ab95b42158
P 0x55ab95b95728
C 480
R
P 0x55ab95b42158
P 0x55ab95b95728
U 353
C 481
= 0x55ab95bd4ac8
R
P 0x55ab95b42158
P 0x55ab95b88e98
P 0x55ab95bd4ac8
C 446
R
P 0x55ab95b42158
P 0x55ab95b95728
C 480
R
P 0x55ab95b42158
P 0x55ab95b95728
U 354
C 481
= 0x55ab95bd4b70
R
P 0x55ab95b42158
P 0x55ab95b88e98
P 0x55ab95bd4b70
C 446
R
P 0x55ab95b42158
P 0x55ab95b95728
C 480
R
P 0x55ab95b42158
P 0x55ab95b95728
U 355
C 481
= 0x55ab95bd4ba8
R
P 0x55ab95b42158
P 0x55ab95b88e98
P 0x55ab95bd4ba8
C 446
R
P 0x55ab95b42158
P 0x55ab95b95728
C 480
R
P 0x55ab95b42158
P 0x55ab95b95728
U 356
C 481
= 0x55ab95bd4be0
R
P 0x55ab95b42158
P 0x55ab95b88e98
P 0x55ab95bd4be0
C 446
R
P 0x55ab95b42158
P 0x55ab95b95728
C 480
R
P 0x55ab95b42158
P 0x55ab95b95728
U 357
C 481
= 0x55ab95b52c18
R
P 0x55ab95b42158
P 0x55ab95b88e98
P 0x55ab95b52c18
C 446
R
P 0x55ab95b42158
P 0x55ab95b95728
C 480
R
P 0x55ab95b42158
P 0x55ab95b95728
U 358
C 481
= 0x55ab95bd4c88
R
P 0x55ab95b42158
P 0x55ab95b88e98
P 0x55ab95bd4c88
C 446
R
P 0x55ab95b42158
P 0x55ab95b95728
C 480
R
P 0x55ab95b42158
P 0x55ab95b95728
U 359
C 481
= 0x55ab95bd4cc0
R
P 0x55ab95b42158
P 0x55ab95b88e98
P 0x55ab95bd4cc0
C 446
R
P 0x55ab95b42158
P 0x55ab95b95728
C 480
R
P 0x55ab95b42158
P 0x55ab95b95728
U 360
C 481
= 0x55ab95bd4d68
R
P 0x55ab95b42158
P 0x55ab95b88e98
P 0x55ab95bd4d68
C 446
R
P 0x55ab95b42158
P 0x55ab95b95728
C 480
R
P 0x55ab95b42158
P 0x55ab95b95728
U 361
C 481
= 0x55ab95bd4da0
R
P 0x55ab95b42158
P 0x55ab95b88e98
P 0x55ab95bd4da0
C 446
R
P 0x55ab95b42158
P 0x55ab95b95728
C 480
R
P 0x55ab95b42158
P 0x55ab95b95728
U 362
C 481
= 0x55ab95bd4dd8
R
P 0x55ab95b42158
P 0x55ab95b88e98
P 0x55ab95bd4dd8
C 446
R
P 0x55ab95b42158
P 0x55ab95b95728
C 480
R
P 0x55ab95b42158
P 0x55ab95b95728
U 363
C 481
= 0x55ab95b52c58
R
P 0x55ab95b42158
P 0x55ab95b88e98
P 0x55ab95b52c58
C 446
R
P 0x55ab95b42158
P 0x55ab95b95728
C 480
R
P 0x55ab95b42158
P 0x55ab95b95728
U 364
C 481
= 0x55ab95bd4e80
R
P 0x55ab95b42158
P 0x55ab95b88e98
P 0x55ab95bd4e80
C 446
R
P 0x55ab95b42158
P 0x55ab95b95728
C 480
R
P 0x55ab95b42158
P 0x55ab95b95728
U 365
C 481
= 0x55ab95bd4eb8
R
P 0x55ab95b42158
P 0x55ab95b88e98
P 0x55ab95bd4eb8
C 446
R
P 0x55ab95b42158
P 0x55ab95b95728
C 480
R
P 0x55ab95b42158
P 0x55ab95b95728
U 366
C 481
= 0x55ab95bd4f60
R
P 0x55ab95b42158
P 0x55ab95b88e98
P 0x55ab95bd4f60
C 446
R
P 0x55ab95b42158
P 0x55ab95b95728
C 480
R
P 0x55ab95b42158
P 0x55ab95b95728
U 367
C 481
= 0x55ab95bd4f98
R
P 0x55ab95b42158
P 0x55ab95b88e98
P 0x55ab95bd4f98
C 446
R
P 0x55ab95b42158
P 0x55ab95b95728
C 480
R
P 0x55ab95b42158
P 0x55ab95b95728
U 368
C 481
= 0x55ab95bd4fd0
R
P 0x55ab95b42158
P 0x55ab95b88e98
P 0x55ab95bd4fd0
C 446
R
P 0x55ab95b42158
P 0x55ab95b95728
C 480
R
P 0x55ab95b42158
P 0x55ab95b95728
U 369
C 481
= 0x55ab95b52c98
R
P 0x55ab95b42158
P 0x55ab95b88e98
P 0x55ab95b52c98
C 446
R
P 0x55ab95b42158
P 0x55ab95b95728
C 480
R
P 0x55ab95b42158
P 0x55ab95b95728
U 370
C 481
= 0x55ab95bd5078
R
P 0x55ab95b42158
P 0x55ab95b88e98
P 0x55ab95bd5078
C 446
R
P 0x55ab95b42158
P 0x55ab95b95728
C 480
R
P 0x55ab95b42158
P 0x55ab95b95728
U 371
C 481
= 0x55ab95bd50b0
R
P 0x55ab95b42158
P 0x55ab95b88e98
P 0x55ab95bd50b0
C 446
R
P 0x55ab95b42158
P 0x55ab95b95728
C 480
R
P 0x55ab95b42158
P 0x55ab95b95728
U 372
C 481
= 0x55ab95bd5158
R
P 0x55ab95b42158
P 0x55ab95b88e98
P 0x55ab95bd5158
C 446
R
P 0x55ab95b42158
P 0x55ab95b95728
C 480
R
P 0x55ab95b42158
P 0x55ab95b95728
U 373
C 481
= 0x55ab95bd5190
R
P 0x55ab95b42158
P 0x55ab95b88e98
P 0x55ab95bd5190
C 446
R
P 0x55ab95b42158
P 0x55ab95b95728
C 480
R
P 0x55ab95b42158
P 0x55ab95b95728
U 374
C 481
= 0x55ab95bd51c8
R
P 0x55ab95b42158
P 0x55ab95b88e98
P 0x55ab95bd51c8
C 446
R
P 0x55ab95b42158
P 0x55ab95b95728
C 480
R
P 0x55ab95b42158
P 0x55ab95b95728
U 375
C 481
= 0x55ab95b52cd8
R
P 0x55ab95b42158
P 0x55ab95b88e98
P 0x55ab95b52cd8
C 446
R
P 0x55ab95b42158
P 0x55ab95b95728
C 480
R
P 0x55ab95b42158
P 0x55ab95b95728
U 376
C 481
= 0x55ab95bd5270
R
P 0x55ab95b42158
P 0x55ab95b88e98
P 0x55ab95bd5270
C 446
R
P 0x55ab95b42158
P 0x55ab95b95728
C 480
R
P 0x55ab95b42158
P 0x55ab95b95728
U 377
C 481
= 0x55ab95bd52a8
R
P 0x55ab95b42158
P 0x55ab95b88e98
P 0x55ab95bd52a8
C 446
R
P 0x55ab95b42158
P 0x55ab95b95728
C 480
R
P 0x55ab95b42158
P 0x55ab95b95728
U 378
C 481
= 0x55ab95bd5350
R
P 0x55ab95b42158
P 0x55ab95b88e98
P 0x55ab95bd5350
C 446
R
P 0x55ab95b42158
P 0x55ab95b95728
C 480
R
P 0x55ab95b42158
P 0x55ab95b95728
U 379
C 481
= 0x55ab95bd5388
R
P 0x55ab95b42158
P 0x55ab95b88e98
P 0x55ab95bd5388
C 446
R
P 0x55ab95b42158
P 0x55ab95b95728
C 480
R
P 0x55ab95b42158
P 0x55ab95b95728
U 380
C 481
= 0x55ab95bd53c0
R
P 0x55ab95b42158
P 0x55ab95b88e98
P 0x55ab95bd53c0
C 446
R
P 0x55ab95b42158
P 0x55ab95b95728
C 480
R
P 0x55ab95b42158
P 0x55ab95b95728
U 381
C 481
= 0x55ab95b52d18
R
P 0x55ab95b42158
P 0x55ab95b88e98
P 0x55ab95b52d18
C 446
R
P 0x55ab95b42158
P 0x55ab95b95728
C 480
R
P 0x55ab95b42158
P 0x55ab95b95728
U 382
C 481
= 0x55ab95bd5468
R
P 0x55ab95b42158
P 0x55ab95b88e98
P 0x55ab95bd5468
C 446
R
P 0x55ab95b42158
P 0x55ab95b95728
C 480
R
P 0x55ab95b42158
P 0x55ab95b95728
U 383
C 481
= 0x55ab95bd54a0
R
P 0x55ab95b42158
P 0x55ab95b88e98
P 0x55ab95bd54a0
C 446
R
P 0x55ab95b42158
P 0x55ab95b95728
C 480
R
P 0x55ab95b42158
P 0x55ab95b95728
U 384
C 481
= 0x55ab95bd5548
R
P 0x55ab95b42158
P 0x55ab95b88e98
P 0x55ab95bd5548
C 446
R
P 0x55ab95b42158
P 0x55ab95b95728
C 480
R
P 0x55ab95b42158
P 0x55ab95b95728
U 385
C 481
= 0x55ab95bd5580
R
P 0x55ab95b42158
P 0x55ab95b88e98
P 0x55ab95bd5580
C 446
R
P 0x55ab95b42158
P 0x55ab95b95728
C 480
R
P 0x55ab95b42158
P 0x55ab95b95728
U 386
C 481
= 0x55ab95bd55b8
R
P 0x55ab95b42158
P 0x55ab95b88e98
P 0x55ab95bd55b8
C 446
R
P 0x55ab95b42158
P 0x55ab95b95728
C 480
R
P 0x55ab95b42158
P 0x55ab95b95728
U 387
C 481
= 0x55ab95b52d58
R
P 0x55ab95b42158
P 0x55ab95b88e98
P 0x55ab95b52d58
C 446
R
P 0x55ab95b42158
P 0x55ab95b95728
C 480
R
P 0x55ab95b42158
P 0x55ab95b95728
U 388
C 481
= 0x55ab95bd5660
R
P 0x55ab95b42158
P 0x55ab95b88e98
P 0x55ab95bd5660
C 446
R
P 0x55ab95b42158
P 0x55ab95b95728
C 480
R
P 0x55ab95b42158
P 0x55ab95b95728
U 389
C 481
= 0x55ab95bd5698
R
P 0x55ab95b42158
P 0x55ab95b88e98
P 0x55ab95bd5698
C 446
R
P 0x55ab95b42158
P 0x55ab95b95728
C 480
R
P 0x55ab95b42158
P 0x55ab95b95728
U 390
C 481
= 0x55ab95bd5740
R
P 0x55ab95b42158
P 0x55ab95b88e98
P 0x55ab95bd5740
C 446
R
P 0x55ab95b42158
P 0x55ab95b95728
C 480
R
P 0x55ab95b42158
P 0x55ab95b95728
U 391
C 481
= 0x55ab95bd5778
R
P 0x55ab95b42158
P 0x55ab95b88e98
P 0x55ab95bd5778
C 446
R
P 0x55ab95b42158
P 0x55ab95b95728
C 480
R
P 0x55ab95b42158
P 0x55ab95b95728
U 392
C 481
= 0x55ab95bd57b0
R
P 0x55ab95b42158
P 0x55ab95b88e98
P 0x55ab95bd57b0
C 446
R
P 0x55ab95b42158
P 0x55ab95b95728
C 480
R
P 0x55ab95b42158
P 0x55ab95b95728
U 393
C 481
= 0x55ab95b52d98
R
P 0x55ab95b42158
P 0x55ab95b88e98
P 0x55ab95b52d98
C 446
R
P 0x55ab95b42158
P 0x55ab95b95728
C 480
R
P 0x55ab95b42158
P 0x55ab95b95728
U 394
C 481
= 0x55ab95bd59e0
R
P 0x55ab95b42158
P 0x55ab95b88e98
P 0x55ab95bd59e0
C 446
R
P 0x55ab95b42158
P 0x55ab95b95728
C 480
R
P 0x55ab95b42158
P 0x55ab95b95728
U 395
C 481
= 0x55ab95bd5a18
R
P 0x55ab95b42158
P 0x55ab95b88e98
P 0x55ab95bd5a18
C 446
R
P 0x55ab95b42158
P 0x55ab95b95728
C 480
R
P 0x55ab95b42158
P 0x55ab95b95728
U 396
C 481
= 0x55ab95bd5a88
R
P 0x55ab95b42158
P 0x55ab95b88e98
P 0x55ab95bd5a88
C 446
R
P 0x55ab95b42158
P 0x55ab95b95728
C 480
R
P 0x55ab95b42158
P 0x55ab95b95728
U 397
C 481
= 0x55ab95bd5ac0
R
P 0x55ab95b42158
P 0x55ab95b88e98
P 0x55ab95bd5ac0
C 446
R
P 0x55ab95b42158
P 0x55ab95b95728
C 480
R
P 0x55ab95b42158
P 0x55ab95b95728
U 398
C 481
= 0x55ab95bd5d28
R
P 0x55ab95b42158
P 0x55ab95b88e98
P 0x55ab95bd5d28
C 446
R
P 0x55ab95b42158
P 0x55ab95b95728
C 480
R
P 0x55ab95b42158
P 0x55ab95b95728
U 399
C 481
= 0x55ab95bd5d60
R
P 0x55ab95b42158
P 0x55ab95b88e98
P 0x55ab95bd5d60
C 446
R
P 0x55ab95b42158
P 0x55ab95b95728
C 480
R
P 0x55ab95b42158
P 0x55ab95b95728
U 400
C 481
= 0x55ab95bd5d98
R
P 0x55ab95b42158
P 0x55ab95b88e98
P 0x55ab95bd5d98
C 446
R
P 0x55ab95b42158
P 0x55ab95b95728
C 480
R
P 0x55ab95b42158
P 0x55ab95b95728
U 401
C 481
= 0x55ab95b52dd8
R
P 0x55ab95b42158
P 0x55ab95b88e98
P 0x55ab95b52dd8
C 446
R
P 0x55ab95b42158
P 0x55ab95b95728
C 480
R
P 0x55ab95b42158
P 0x55ab95b95728
U 402
C 481
= 0x55ab95bd5e78
R
P 0x55ab95b42158
P 0x55ab95b88e98
P 0x55ab95bd5e78
C 446
R
P 0x55ab95b42158
P 0x55ab95b95728
C 480
R
P 0x55ab95b42158
P 0x55ab95b95728
U 403
C 481
= 0x55ab95bd5eb0
R
P 0x55ab95b42158
P 0x55ab95b88e98
P 0x55ab95bd5eb0
C 446
R
P 0x55ab95b42158
P 0x55ab95b95728
C 480
R
P 0x55ab95b42158
P 0x55ab95b95728
U 404
C 481
= 0x55ab95bd5f58
R
P 0x55ab95b42158
P 0x55ab95b88e98
P 0x55ab95bd5f58
C 446
R
P 0x55ab95b42158
P 0x55ab95b95728
C 480
R
P 0x55ab95b42158
P 0x55ab95b95728
U 405
C 481
= 0x55ab95bd5f90
R
P 0x55ab95b42158
P 0x55ab95b88e98
P 0x55ab95bd5f90
C 446
R
P 0x55ab95b42158
P 0x55ab95b95728
C 480
R
P 0x55ab95b42158
P 0x55ab95b95728
U 406
C 481
= 0x55ab95bd6070
R
P 0x55ab95b42158
P 0x55ab95b88e98
P 0x55ab95bd6070
C 446
R
P 0x55ab95b42158
P 0x55ab95b95728
C 480
R
P 0x55ab95b42158
P 0x55ab95b95728
U 407
C 481
= 0x55ab95bd60a8
R
P 0x55ab95b42158
P 0x55ab95b88e98
P 0x55ab95bd60a8
C 446
R
P 0x55ab95b42158
P 0x55ab95b95728
C 480
R
P 0x55ab95b42158
P 0x55ab95b95728
U 408
C 481
= 0x55ab95bd60e0
R
P 0x55ab95b42158
P 0x55ab95b88e98
P 0x55ab95bd60e0
C 446
R
P 0x55ab95b42158
P 0x55ab95b95728
C 480
R
P 0x55ab95b42158
P 0x55ab95b95728
U 409
C 481
= 0x55ab95b52e18
R
P 0x55ab95b42158
P 0x55ab95b88e98
P 0x55ab95b52e18
C 446
R
P 0x55ab95b42158
P 0x55ab95b95728
C 480
R
P 0x55ab95b42158
P 0x55ab95b95728
U 410
C 481
= 0x55ab95bd6348
R
P 0x55ab95b42158
P 0x55ab95b88e98
P 0x55ab95bd6348
C 446
R
P 0x55ab95b42158
P 0x55ab95b95728
C 480
R
P 0x55ab95b42158
P 0x55ab95b95728
U 411
C 481
= 0x55ab95bd6380
R
P 0x55ab95b42158
P 0x55ab95b88e98
P 0x55ab95bd6380
C 446
R
P 0x55ab95b42158
P 0x55ab95b95728
C 480
R
P 0x55ab95b42158
P 0x55ab95b95728
U 412
C 481
= 0x55ab95bf0a68
R
P 0x55ab95b42158
P 0x55ab95b88e98
P 0x55ab95bf0a68
C 446
R
P 0x55ab95b42158
P 0x55ab95b95728
C 480
R
P 0x55ab95b42158
P 0x55ab95b95728
U 413
C 481
= 0x55ab95bf0aa0
R
P 0x55ab95b42158
P 0x55ab95b88e98
P 0x55ab95bf0aa0
C 446
R
P 0x55ab95b42158
P 0x55ab95b95728
C 480
R
P 0x55ab95b42158
P 0x55ab95b95728
U 414
C 481
= 0x55ab95bf0ad8
R
P 0x55ab95b42158
P 0x55ab95b88e98
P 0x55ab95bf0ad8
C 446
R
P 0x55ab95b42158
P 0x55ab95b95728
C 480
R
P 0x55ab95b42158
P 0x55ab95b95728
U 415
C 481
= 0x55ab95bf2a78
R
P 0x55ab95b42158
P 0x55ab95b88e98
P 0x55ab95bf2a78
C 446
R
P 0x55ab95b42158
P 0x55ab95b95728
C 480
R
P 0x55ab95b42158
P 0x55ab95b95728
U 416
C 481
= 0x55ab95bf0bf0
R
P 0x55ab95b42158
P 0x55ab95b88e98
P 0x55ab95bf0bf0
C 446
R
P 0x55ab95b42158
P 0x55ab95b95728
C 480
R
P 0x55ab95b42158
P 0x55ab95b95728
U 417
C 481
= 0x55ab95bf0c28
R
P 0x55ab95b42158
P 0x55ab95b88e98
P 0x55ab95bf0c28
C 446
R
P 0x55ab95b42158
P 0x55ab95b95728
C 480
R
P 0x55ab95b42158
P 0x55ab95b95728
U 418
C 481
= 0x55ab95bf0cd0
R
P 0x55ab95b42158
P 0x55ab95b88e98
P 0x55ab95bf0cd0
C 446
R
P 0x55ab95b42158
P 0x55ab95b95728
C 480
R
P 0x55ab95b42158
P 0x55ab95b95728
U 419
C 481
= 0x55ab95bf0d08
R
P 0x55ab95b42158
P 0x55ab95b88e98
P 0x55ab95bf0d08
C 446
R
P 0x55ab95b42158
P 0x55ab95b95728
C 480
R
P 0x55ab95b42158
P 0x55ab95b95728
U 420
C 481
= 0x55ab95bf0d40
R
P 0x55ab95b42158
P 0x55ab95b88e98
P 0x55ab95bf0d40
C 446
R
P 0x55ab95b42158
P 0x55ab95b95728
C 480
R
P 0x55ab95b42158
P 0x55ab95b95728
U 421
C 481
= 0x55ab95bf2ab8
R
P 0x55ab95b42158
P 0x55ab95b88e98
P 0x55ab95bf2ab8
C 446
R
P 0x55ab95b42158
P 0x55ab95b95728
C 480
R
P 0x55ab95b42158
P 0x55ab95b95728
U 422
C 481
= 0x55ab95bf0e90
R
P 0x55ab95b42158
P 0x55ab95b88e98
P 0x55ab95bf0e90
C 446
R
P 0x55ab95b42158
P 0x55ab95b95728
C 480
R
P 0x55ab95b42158
P 0x55ab95b95728
U 423
C 481
= 0x55ab95bf0ec8
R
P 0x55ab95b42158
P 0x55ab95b88e98
P 0x55ab95bf0ec8
C 446
R
P 0x55ab95b42158
P 0x55ab95b95728
C 480
R
P 0x55ab95b42158
P 0x55ab95b95728
U 424
C 481
= 0x55ab95bf0f70
R
P 0x55ab95b42158
P 0x55ab95b88e98
P 0x55ab95bf0f70
C 446
R
P 0x55ab95b42158
P 0x55ab95b95728
C 480
R
P 0x55ab95b42158
P 0x55ab95b95728
U 425
C 481
= 0x55ab95bf0fa8
R
P 0x55ab95b42158
P 0x55ab95b88e98
P 0x55ab95bf0fa8
C 446
R
P 0x55ab95b42158
P 0x55ab95b95728
C 480
R
P 0x55ab95b42158
P 0x55ab95b95728
U 426
C 481
= 0x55ab95bf0fe0
R
P 0x55ab95b42158
P 0x55ab95b88e98
P 0x55ab95bf0fe0
C 446
R
P 0x55ab95b42158
P 0x55ab95b95728
C 480
R
P 0x55ab95b42158
P 0x55ab95b95728
U 427
C 481
= 0x55ab95bf2af8
R
P 0x55ab95b42158
P 0x55ab95b88e98
P 0x55ab95bf2af8
C 446
R
P 0x55ab95b42158
P 0x55ab95b95728
C 480
R
P 0x55ab95b42158
P 0x55ab95b95728
U 428
C 481
= 0x55ab95bf1130
R
P 0x55ab95b42158
P 0x55ab95b88e98
P 0x55ab95bf1130
C 446
R
P 0x55ab95b42158
P 0x55ab95b95728
C 480
R
P 0x55ab95b42158
P 0x55ab95b95728
U 429
C 481
= 0x55ab95bf1168
R
P 0x55ab95b42158
P 0x55ab95b88e98
P 0x55ab95bf1168
C 446
R
P 0x55ab95b42158
P 0x55ab95b95728
C 480
R
P 0x55ab95b42158
P 0x55ab95b95728
U 430
C 481
= 0x55ab95bf1210
R
P 0x55ab95b42158
P 0x55ab95b88e98
P 0x55ab95bf1210
C 446
R
P 0x55ab95b42158
P 0x55ab95b95728
C 480
R
P 0x55ab95b42158
P 0x55ab95b95728
U 431
C 481
= 0x55ab95bf1248
R
P 0x55ab95b42158
P 0x55ab95b88e98
P 0x55ab95bf1248
C 446
R
P 0x55ab95b42158
P 0x55ab95b95728
C 480
R
P 0x55ab95b42158
P 0x55ab95b95728
U 432
C 481
= 0x55ab95bf1280
R
P 0x55ab95b42158
P 0x55ab95b88e98
P 0x55ab95bf1280
C 446
R
P 0x55ab95b42158
P 0x55ab95b95728
C 480
R
P 0x55ab95b42158
P 0x55ab95b95728
U 433
C 481
= 0x55ab95bf2b38
R
P 0x55ab95b42158
P 0x55ab95b88e98
P 0x55ab95bf2b38
C 446
R
P 0x55ab95b42158
P 0x55ab95b95728
C 480
R
P 0x55ab95b42158
P 0x55ab95b95728
U 434
C 481
= 0x55ab95bf13d0
R
P 0x55ab95b42158
P 0x55ab95b88e98
P 0x55ab95bf13d0
C 446
R
P 0x55ab95b42158
P 0x55ab95b95728
C 480
R
P 0x55ab95b42158
P 0x55ab95b95728
U 435
C 481
= 0x55ab95bf1408
R
P 0x55ab95b42158
P 0x55ab95b88e98
P 0x55ab95bf1408
C 446
R
P 0x55ab95b42158
P 0x55ab95b95728
C 480
R
P 0x55ab95b42158
P 0x55ab95b95728
U 436
C 481
= 0x55ab95bf14b0
R
P 0x55ab95b42158
P 0x55ab95b88e98
P 0x55ab95bf14b0
C 446
R
P 0x55ab95b42158
P 0x55ab95b95728
C 480
R
P 0x55ab95b42158
P 0x55ab95b95728
U 437
C 481
= 0x55ab95bf14e8
R
P 0x55ab95b42158
P 0x55ab95b88e98
P 0x55ab95bf14e8
C 446
R
P 0x55ab95b42158
P 0x55ab95b95728
C 480
R
P 0x55ab95b42158
P 0x55ab95b95728
U 438
C 481
= 0x55ab95bf1520
R
P 0x55ab95b42158
P 0x55ab95b88e98
P 0x55ab95bf1520
C 446
R
P 0x55ab95b42158
P 0x55ab95b95728
C 480
R
P 0x55ab95b42158
P 0x55ab95b95728
U 439
C 481
= 0x55ab95bf2b78
R
P 0x55ab95b42158
P 0x55ab95b88e98
P 0x55ab95bf2b78
C 446
R
P 0x55ab95b42158
P 0x55ab95b95728
C 480
R
P 0x55ab95b42158
P 0x55ab95b95728
U 440
C 481
= 0x55ab95bf1670
R
P 0x55ab95b42158
P 0x55ab95b88e98
P 0x55ab95bf1670
C 446
R
P 0x55ab95b42158
P 0x55ab95b95728
C 480
R
P 0x55ab95b42158
P 0x55ab95b95728
U 441
C 481
= 0x55ab95bf16a8
R
P 0x55ab95b42158
P 0x55ab95b88e98
P 0x55ab95bf16a8
C 446
R
P 0x55ab95b42158
P 0x55ab95b95728
C 480
R
P 0x55ab95b42158
P 0x55ab95b95728
U 442
C 481
= 0x55ab95bf1750
R
P 0x55ab95b42158
P 0x55ab95b88e98
P 0x55ab95bf1750
C 446
R
P 0x55ab95b42158
P 0x55ab95b95728
C 480
R
P 0x55ab95b42158
P 0x55ab95b95728
U 443
C 481
= 0x55ab95bf1788
R
P 0x55ab95b42158
P 0x55ab95b88e98
P 0x55ab95bf1788
C 446
R
P 0x55ab95b42158
P 0x55ab95b95728
C 480
R
P 0x55ab95b42158
P 0x55ab95b95728
U 444
C 481
= 0x55ab95bf17c0
R
P 0x55ab95b42158
P 0x55ab95b88e98
P 0x55ab95bf17c0
C 446
R
P 0x55ab95b42158
P 0x55ab95b95728
C 480
R
P 0x55ab95b42158
P 0x55ab95b95728
U 445
C 481
= 0x55ab95bf2bb8
R
P 0x55ab95b42158
P 0x55ab95b88e98
P 0x55ab95bf2bb8
C 446
R
P 0x55ab95b42158
P 0x55ab95b95728
C 480
R
P 0x55ab95b42158
P 0x55ab95b95728
U 446
C 481
= 0x55ab95bf1a28
R
P 0x55ab95b42158
P 0x55ab95b88e98
P 0x55ab95bf1a28
C 446
R
P 0x55ab95b42158
P 0x55ab95b95728
C 480
R
P 0x55ab95b42158
P 0x55ab95b95728
U 447
C 481
= 0x55ab95bf1a60
R
P 0x55ab95b42158
P 0x55ab95b88e98
P 0x55ab95bf1a60
C 446
R
P 0x55ab95b42158
P 0x55ab95b95728
C 480
R
P 0x55ab95b42158
P 0x55ab95b95728
U 448
C 481
= 0x55ab95bf20f0
R
P 0x55ab95b42158
P 0x55ab95b88e98
P 0x55ab95bf20f0
C 446
R
P 0x55ab95b42158
P 0x55ab95b95728
C 480
R
P 0x55ab95b42158
P 0x55ab95b95728
U 449
C 481
= 0x55ab95bf2128
R
P 0x55ab95b42158
P 0x55ab95b88e98
P 0x55ab95bf2128
C 446
R
P 0x55ab95b42158
P 0x55ab95b95728
C 480
R
P 0x55ab95b42158
P 0x55ab95b95728
U 450
C 481
= 0x55ab95bf2240
R
P 0x55ab95b42158
P 0x55ab95b88e98
P 0x55ab95bf2240
C 446
R
P 0x55ab95b42158
P 0x55ab95b95728
C 480
R
P 0x55ab95b42158
P 0x55ab95b95728
U 451
C 481
= 0x55ab95bf2278
R
P 0x55ab95b42158
P 0x55ab95b88e98
P 0x55ab95bf2278
C 446
R
P 0x55ab95b42158
P 0x55ab95b95728
C 480
R
P 0x55ab95b42158
P 0x55ab95b95728
U 452
C 481
= 0x55ab95bf22b0
R
P 0x55ab95b42158
P 0x55ab95b88e98
P 0x55ab95bf22b0
C 446
R
P 0x55ab95b42158
P 0x55ab95b95728
C 480
R
P 0x55ab95b42158
P 0x55ab95b95728
U 453
C 481
= 0x55ab95bf2c38
R
P 0x55ab95b42158
P 0x55ab95b88e98
P 0x55ab95bf2c38
C 446
R
P 0x55ab95b42158
P 0x55ab95b95728
C 480
R
P 0x55ab95b42158
P 0x55ab95b95728
U 454
C 481
= 0x55ab95bf2550
R
P 0x55ab95b42158
P 0x55ab95b88e98
P 0x55ab95bf2550
C 446
R
P 0x55ab95b42158
P 0x55ab95b95728
C 480
R
P 0x55ab95b42158
P 0x55ab95b95728
U 455
C 481
= 0x55ab95bf2588
R
P 0x55ab95b42158
P 0x55ab95b88e98
P 0x55ab95bf2588
C 446
R
P 0x55ab95b42158
P 0x55ab95b95728
C 480
R
P 0x55ab95b42158
P 0x55ab95b95728
U 456
C 481
= 0x55ab95bf8ca0
R
P 0x55ab95b42158
P 0x55ab95b88e98
P 0x55ab95bf8ca0
C 446
R
P 0x55ab95b42158
P 0x55ab95b95728
C 480
R
P 0x55ab95b42158
P 0x55ab95b95728
U 457
C 481
= 0x55ab95bf8cd8
R
P 0x55ab95b42158
P 0x55ab95b88e98
P 0x55ab95bf8cd8
C 446
R
P 0x55ab95b42158
P 0x55ab95b95728
C 480
R
P 0x55ab95b42158
P 0x55ab95b95728
U 458
C 481
= 0x55ab95bf8d10
R
P 0x55ab95b42158
P 0x55ab95b88e98
P 0x55ab95bf8d10
C 446
R
P 0x55ab95b42158
P 0x55ab95b95728
C 480
R
P 0x55ab95b42158
P 0x55ab95b95728
U 459
C 481
= 0x55ab95bf2c78
R
P 0x55ab95b42158
P 0x55ab95b88e98
P 0x55ab95bf2c78
C 446
R
P 0x55ab95b42158
P 0x55ab95b95728
C 480
R
P 0x55ab95b42158
P 0x55ab95b95728
U 460
C 481
= 0x55ab95bf8e28
R
P 0x55ab95b42158
P 0x55ab95b88e98
P 0x55ab95bf8e28
C 446
R
P 0x55ab95b42158
P 0x55ab95b95728
C 480
R
P 0x55ab95b42158
P 0x55ab95b95728
U 461
C 481
= 0x55ab95bf8e60
R
P 0x55ab95b42158
P 0x55ab95b88e98
P 0x55ab95bf8e60
C 446
R
P 0x55ab95b42158
P 0x55ab95b95728
C 480
R
P 0x55ab95b42158
P 0x55ab95b95728
U 462
C 481
= 0x55ab95bf8f08
R
P 0x55ab95b42158
P 0x55ab95b88e98
P 0x55ab95bf8f08
C 446
R
P 0x55ab95b42158
P 0x55ab95b95728
C 480
R
P 0x55ab95b42158
P 0x55ab95b95728
U 463
C 481
= 0x55ab95bf8f40
R
P 0x55ab95b42158
P 0x55ab95b88e98
P 0x55ab95bf8f40
C 446
R
P 0x55ab95b42158
P 0x55ab95b95728
C 480
R
P 0x55ab95b42158
P 0x55ab95b95728
U 464
C 481
= 0x55ab95bf8f78
R
P 0x55ab95b42158
P 0x55ab95b88e98
P 0x55ab95bf8f78
C 446
R
P 0x55ab95b42158
P 0x55ab95b95728
C 480
R
P 0x55ab95b42158
P 0x55ab95b95728
U 465
C 481
= 0x55ab95bf2cb8
R
P 0x55ab95b42158
P 0x55ab95b88e98
P 0x55ab95bf2cb8
C 446
R
P 0x55ab95b42158
P 0x55ab95b95728
C 480
R
P 0x55ab95b42158
P 0x55ab95b95728
U 466
C 481
= 0x55ab95bf90c8
R
P 0x55ab95b42158
P 0x55ab95b88e98
P 0x55ab95bf90c8
C 446
R
P 0x55ab95b42158
P 0x55ab95b95728
C 480
R
P 0x55ab95b42158
P 0x55ab95b95728
U 467
C 481
= 0x55ab95bf9100
R
P 0x55ab95b42158
P 0x55ab95b88e98
P 0x55ab95bf9100
C 446
R
P 0x55ab95b42158
P 0x55ab95b95728
C 480
R
P 0x55ab95b42158
P 0x55ab95b95728
U 468
C 481
= 0x55ab95bf91a8
R
P 0x55ab95b42158
P 0x55ab95b88e98
P 0x55ab95bf91a8
C 446
R
P 0x55ab95b42158
P 0x55ab95b95728
C 480
R
P 0x55ab95b42158
P 0x55ab95b95728
U 469
C 481
= 0x55ab95bf91e0
R
P 0x55ab95b42158
P 0x55ab95b88e98
P 0x55ab95bf91e0
C 446
R
P 0x55ab95b42158
P 0x55ab95b95728
C 480
R
P 0x55ab95b42158
P 0x55ab95b95728
U 470
C 481
= 0x55ab95bf9218
R
P 0x55ab95b42158
P 0x55ab95b88e98
P 0x55ab95bf9218
C 446
R
P 0x55ab95b42158
P 0x55ab95b95728
C 480
R
P 0x55ab95b42158
P 0x55ab95b95728
U 471
C 481
= 0x55ab95bf2cf8
R
P 0x55ab95b42158
P 0x55ab95b88e98
P 0x55ab95bf2cf8
C 446
R
P 0x55ab95b42158
P 0x55ab95b95728
C 480
R
P 0x55ab95b42158
P 0x55ab95b95728
U 472
C 481
= 0x55ab95bf9368
R
P 0x55ab95b42158
P 0x55ab95b88e98
P 0x55ab95bf9368
C 446
R
P 0x55ab95b42158
P 0x55ab95b95728
C 480
R
P 0x55ab95b42158
P 0x55ab95b95728
U 473
C 481
= 0x55ab95bf93a0
R
P 0x55ab95b42158
P 0x55ab95b88e98
P 0x55ab95bf93a0
C 446
R
P 0x55ab95b42158
P 0x55ab95b95728
C 480
R
P 0x55ab95b42158
P 0x55ab95b95728
U 474
C 481
= 0x55ab95bf9448
R
P 0x55ab95b42158
P 0x55ab95b88e98
P 0x55ab95bf9448
C 446
R
P 0x55ab95b42158
P 0x55ab95b95728
C 480
R
P 0x55ab95b42158
P 0x55ab95b95728
U 475
C 481
= 0x55ab95bf9480
R
P 0x55ab95b42158
P 0x55ab95b88e98
P 0x55ab95bf9480
C 446
R
P 0x55ab95b42158
P 0x55ab95b95728
C 480
R
P 0x55ab95b42158
P 0x55ab95b95728
U 476
C 481
= 0x55ab95bf94b8
R
P 0x55ab95b42158
P 0x55ab95b88e98
P 0x55ab95bf94b8
C 446
R
P 0x55ab95b42158
P 0x55ab95b95728
C 480
R
P 0x55ab95b42158
P 0x55ab95b95728
U 477
C 481
= 0x55ab95bf2d38
R
P 0x55ab95b42158
P 0x55ab95b88e98
P 0x55ab95bf2d38
C 446
R
P 0x55ab95b42158
P 0x55ab95b95728
C 480
R
P 0x55ab95b42158
P 0x55ab95b95728
U 478
C 481
= 0x55ab95bf9608
R
P 0x55ab95b42158
P 0x55ab95b88e98
P 0x55ab95bf9608
C 446
R
P 0x55ab95b42158
P 0x55ab95b95728
C 480
R
P 0x55ab95b42158
P 0x55ab95b95728
U 479
C 481
= 0x55ab95bf9640
R
P 0x55ab95b42158
P 0x55ab95b88e98
P 0x55ab95bf9640
C 446
R
P 0x55ab95b42158
P 0x55ab95b95728
C 480
R
P 0x55ab95b42158
P 0x55ab95b95728
U 480
C 481
= 0x55ab95bf96e8
R
P 0x55ab95b42158
P 0x55ab95b88e98
P 0x55ab95bf96e8
C 446
R
P 0x55ab95b42158
P 0x55ab95b95728
C 480
R
P 0x55ab95b42158
P 0x55ab95b95728
U 481
C 481
= 0x55ab95bf9720
R
P 0x55ab95b42158
P 0x55ab95b88e98
P 0x55ab95bf9720
C 446
R
P 0x55ab95b42158
P 0x55ab95b95728
C 480
R
P 0x55ab95b42158
P 0x55ab95b95728
U 482
C 481
= 0x55ab95bf9758
R
P 0x55ab95b42158
P 0x55ab95b88e98
P 0x55ab95bf9758
C 446
R
P 0x55ab95b42158
P 0x55ab95b95728
C 480
R
P 0x55ab95b42158
P 0x55ab95b95728
U 483
C 481
= 0x55ab95bf2d78
R
P 0x55ab95b42158
P 0x55ab95b88e98
P 0x55ab95bf2d78
C 446
R
P 0x55ab95b42158
P 0x55ab95b95728
C 480
R
P 0x55ab95b42158
P 0x55ab95b95728
U 484
C 481
= 0x55ab95bf98a8
R
P 0x55ab95b42158
P 0x55ab95b88e98
P 0x55ab95bf98a8
C 446
R
P 0x55ab95b42158
P 0x55ab95b95728
C 480
R
P 0x55ab95b42158
P 0x55ab95b95728
U 485
C 481
= 0x55ab95bf98e0
R
P 0x55ab95b42158
P 0x55ab95b88e98
P 0x55ab95bf98e0
C 446
R
P 0x55ab95b42158
P 0x55ab95b95728
C 480
R
P 0x55ab95b42158
P 0x55ab95b95728
U 486
C 481
= 0x55ab95bf9988
R
P 0x55ab95b42158
P 0x55ab95b88e98
P 0x55ab95bf9988
C 446
R
P 0x55ab95b42158
P 0x55ab95b95728
C 480
R
P 0x55ab95b42158
P 0x55ab95b95728
U 487
C 481
= 0x55ab95bf99c0
R
P 0x55ab95b42158
P 0x55ab95b88e98
P 0x55ab95bf99c0
C 446
R
P 0x55ab95b42158
P 0x55ab95b95728
C 480
R
P 0x55ab95b42158
P 0x55ab95b95728
U 488
C 481
= 0x55ab95bf99f8
R
P 0x55ab95b42158
P 0x55ab95b88e98
P 0x55ab95bf99f8
C 446
R
P 0x55ab95b42158
P 0x55ab95b95728
C 480
R
P 0x55ab95b42158
P 0x55ab95b95728
U 489
C 481
= 0x55ab95bf2db8
R
P 0x55ab95b42158
P 0x55ab95b88e98
P 0x55ab95bf2db8
C 446
R
P 0x55ab95b42158
P 0x55ab95b95728
C 480
R
P 0x55ab95b42158
P 0x55ab95b95728
U 490
C 481
= 0x55ab95bf9b48
R
P 0x55ab95b42158
P 0x55ab95b88e98
P 0x55ab95bf9b48
C 446
R
P 0x55ab95b42158
P 0x55ab95b95728
C 480
R
P 0x55ab95b42158
P 0x55ab95b95728
U 491
C 481
= 0x55ab95bf9b80
R
P 0x55ab95b42158
P 0x55ab95b88e98
P 0x55ab95bf9b80
C 446
R
P 0x55ab95b42158
P 0x55ab95b95728
C 480
R
P 0x55ab95b42158
P 0x55ab95b95728
U 492
C 481
= 0x55ab95bf9c28
R
P 0x55ab95b42158
P 0x55ab95b88e98
P 0x55ab95bf9c28
C 446
R
P 0x55ab95b42158
P 0x55ab95b95728
C 480
R
P 0x55ab95b42158
P 0x55ab95b95728
U 493
C 481
= 0x55ab95bf9c60
R
P 0x55ab95b42158
P 0x55ab95b88e98
P 0x55ab95bf9c60
C 446
R
P 0x55ab95b42158
P 0x55ab95b95728
C 480
R
P 0x55ab95b42158
P 0x55ab95b95728
U 494
C 481
= 0x55ab95bf9c98
R
P 0x55ab95b42158
P 0x55ab95b88e98
P 0x55ab95bf9c98
C 446
R
P 0x55ab95b42158
P 0x55ab95b95728
C 480
R
P 0x55ab95b42158
P 0x55ab95b95728
U 495
C 481
= 0x55ab95bf2df8
R
P 0x55ab95b42158
P 0x55ab95b88e98
P 0x55ab95bf2df8
C 446
R
P 0x55ab95b42158
P 0x55ab95b95728
C 480
R
P 0x55ab95b42158
P 0x55ab95b95728
U 496
C 481
= 0x55ab95bf9d78
R
P 0x55ab95b42158
P 0x55ab95b88e98
P 0x55ab95bf9d78
C 446
R
P 0x55ab95b42158
P 0x55ab95b95728
C 480
R
P 0x55ab95b42158
P 0x55ab95b95728
U 497
C 481
= 0x55ab95bf9db0
R
P 0x55ab95b42158
P 0x55ab95b88e98
P 0x55ab95bf9db0
C 446
R
P 0x55ab95b42158
P 0x55ab95b95728
C 480
R
P 0x55ab95b42158
P 0x55ab95b95728
U 498
C 481
= 0x55ab95bf9e58
R
P 0x55ab95b42158
P 0x55ab95b88e98
P 0x55ab95bf9e58
C 446
R
P 0x55ab95b42158
P 0x55ab95b95728
C 480
R
P 0x55ab95b42158
P 0x55ab95b95728
U 499
C 481
= 0x55ab95bf9e90
R
P 0x55ab95b42158
P 0x55ab95b88e98
P 0x55ab95bf9e90
C 446
R
P 0x55ab95b42158
P 0x55ab95b95728
C 480
R
P 0x55ab95b42158
P 0x55ab95b95728
U 500
C 481
= 0x55ab95bf9ec8
R
P 0x55ab95b42158
P 0x55ab95b88e98
P 0x55ab95bf9ec8
C 446
R
P 0x55ab95b42158
P 0x55ab95b95728
C 480
R
P 0x55ab95b42158
P 0x55ab95b95728
U 501
C 481
= 0x55ab95bf2e78
R
P 0x55ab95b42158
P 0x55ab95b88e98
P 0x55ab95bf2e78
C 446
R
P 0x55ab95b42158
P 0x55ab95b95728
C 480
R
P 0x55ab95b42158
P 0x55ab95b95728
U 502
C 481
= 0x55ab95bf9fa8
R
P 0x55ab95b42158
P 0x55ab95b88e98
P 0x55ab95bf9fa8
C 446
R
P 0x55ab95b42158
P 0x55ab95b95728
C 480
R
P 0x55ab95b42158
P 0x55ab95b95728
U 503
C 481
= 0x55ab95bf9fe0
R
P 0x55ab95b42158
P 0x55ab95b88e98
P 0x55ab95bf9fe0
C 446
R
P 0x55ab95b42158
P 0x55ab95b95728
C 480
R
P 0x55ab95b42158
P 0x55ab95b95728
U 504
C 481
= 0x55ab95bfa0c0
R
P 0x55ab95b42158
P 0x55ab95b88e98
P 0x55ab95bfa0c0
C 446
R
P 0x55ab95b42158
P 0x55ab95b95728
C 480
R
P 0x55ab95b42158
P 0x55ab95b95728
U 505
C 481
= 0x55ab95bfa0f8
R
P 0x55ab95b42158
P 0x55ab95b88e98
P 0x55ab95bfa0f8
C 446
R
P 0x55ab95b42158
P 0x55ab95b95728
C 480
R
P 0x55ab95b42158
P 0x55ab95b95728
U 506
C 481
= 0x55ab95bfa130
R
P 0x55ab95b42158
P 0x55ab95b88e98
P 0x55ab95bfa130
C 446
R
P 0x55ab95b42158
P 0x55ab95b95728
C 480
R
P 0x55ab95b42158
P 0x55ab95b95728
U 507
C 481
= 0x55ab95bf2ef8
R
P 0x55ab95b42158
P 0x55ab95b88e98
P 0x55ab95bf2ef8
C 446
R
P 0x55ab95b42158
P 0x55ab95b95728
C 480
R
P 0x55ab95b42158
P 0x55ab95b95728
U 508
C 481
= 0x55ab95bfa210
R
P 0x55ab95b42158
P 0x55ab95b88e98
P 0x55ab95bfa210
C 446
R
P 0x55ab95b42158
P 0x55ab95b95728
C 480
R
P 0x55ab95b42158
P 0x55ab95b95728
U 509
C 481
= 0x55ab95bfa248
R
P 0x55ab95b42158
P 0x55ab95b88e98
P 0x55ab95bfa248
C 446
R
P 0x55ab95b42158
P 0x55ab95b95728
C 480
R
P 0x55ab95b42158
P 0x55ab95b95728
U 510
C 481
= 0x55ab95bfa328
R
P 0x55ab95b42158
P 0x55ab95b88e98
P 0x55ab95bfa328
C 446
R
P 0x55ab95b42158
P 0x55ab95b95728
C 480
R
P 0x55ab95b42158
P 0x55ab95b95728
U 511
C 481
= 0x55ab95bfa360
R
P 0x55ab95b42158
P 0x55ab95b88e98
P 0x55ab95bfa360
C 446
R
P 0x55ab95b42158
P 0x55ab95b95728
C 480
R
P 0x55ab95b42158
P 0x55ab95b95728
U 512
C 481
= 0x55ab95bfa398
R
P 0x55ab95b42158
P 0x55ab95b88e98
P 0x55ab95bfa398
C 446
R
P 0x55ab95b42158
P 0x55ab95b95728
C 480
R
P 0x55ab95b42158
P 0x55ab95b95728
U 513
C 481
= 0x55ab95bf2f78
R
P 0x55ab95b42158
P 0x55ab95b88e98
P 0x55ab95bf2f78
C 446
R
P 0x55ab95b42158
P 0x55ab95b95728
C 480
R
P 0x55ab95b42158
P 0x55ab95b95728
U 514
C 481
= 0x55ab95bfa478
R
P 0x55ab95b42158
P 0x55ab95b88e98
P 0x55ab95bfa478
C 446
R
P 0x55ab95b42158
P 0x55ab95b95728
C 480
R
P 0x55ab95b42158
P 0x55ab95b95728
U 515
C 481
= 0x55ab95bfa4b0
R
P 0x55ab95b42158
P 0x55ab95b88e98
P 0x55ab95bfa4b0
C 446
R
P 0x55ab95b42158
P 0x55ab95b95728
C 480
R
P 0x55ab95b42158
P 0x55ab95b95728
U 516
C 481
= 0x55ab95bfa590
R
P 0x55ab95b42158
P 0x55ab95b88e98
P 0x55ab95bfa590
C 446
R
P 0x55ab95b42158
P 0x55ab95b95728
C 480
R
P 0x55ab95b42158
P 0x55ab95b95728
U 517
C 481
= 0x55ab95bfa5c8
R
P 0x55ab95b42158
P 0x55ab95b88e98
P 0x55ab95bfa5c8
C 446
R
P 0x55ab95b42158
P 0x55ab95b95728
C 480
R
P 0x55ab95b42158
P 0x55ab95b95728
U 518
C 481
= 0x55ab95bfa600
R
P 0x55ab95b42158
P 0x55ab95b88e98
P 0x55ab95bfa600
C 446
R
P 0x55ab95b42158
P 0x55ab95b95728
C 480
R
P 0x55ab95b42158
P 0x55ab95b95728
U 519
C 481
= 0x55ab95bf2ff8
R
P 0x55ab95b42158
P 0x55ab95b88e98
P 0x55ab95bf2ff8
C 446
R
P 0x55ab95b42158
P 0x55ab95b95728
C 480
R
P 0x55ab95b42158
P 0x55ab95b95728
U 520
C 481
= 0x55ab95bfa6e0
R
P 0x55ab95b42158
P 0x55ab95b88e98
P 0x55ab95bfa6e0
C 446
R
P 0x55ab95b42158
P 0x55ab95b95728
C 480
R
P 0x55ab95b42158
P 0x55ab95b95728
U 521
C 481
= 0x55ab95bfa718
R
P 0x55ab95b42158
P 0x55ab95b88e98
P 0x55ab95bfa718
C 446
R
P 0x55ab95b42158
P 0x55ab95b95728
C 480
R
P 0x55ab95b42158
P 0x55ab95b95728
U 522
C 481
= 0x55ab95bfa7f8
R
P 0x55ab95b42158
P 0x55ab95b88e98
P 0x55ab95bfa7f8
C 446
R
P 0x55ab95b42158
P 0x55ab95b95728
C 480
R
P 0x55ab95b42158
P 0x55ab95b95728
U 523
C 481
= 0x55ab95bfa830
R
P 0x55ab95b42158
P 0x55ab95b88e98
P 0x55ab95bfa830
C 446
R
P 0x55ab95b42158
P 0x55ab95b95728
C 480
R
P 0x55ab95b42158
P 0x55ab95b95728
U 524
C 481
= 0x55ab95bfa868
R
P 0x55ab95b42158
P 0x55ab95b88e98
P 0x55ab95bfa868
C 446
R
P 0x55ab95b42158
P 0x55ab95b95728
C 480
R
P 0x55ab95b42158
P 0x55ab95b95728
U 525
C 481
= 0x55ab95bf3078
R
P 0x55ab95b42158
P 0x55ab95b88e98
P 0x55ab95bf3078
C 446
R
P 0x55ab95b42158
P 0x55ab95b95728
C 480
R
P 0x55ab95b42158
P 0x55ab95b95728
U 526
C 481
= 0x55ab95bfa948
R
P 0x55ab95b42158
P 0x55ab95b88e98
P 0x55ab95bfa948
C 446
R
P 0x55ab95b42158
P 0x55ab95b95728
C 480
R
P 0x55ab95b42158
P 0x55ab95b95728
U 527
C 481
= 0x55ab95bfa980
R
P 0x55ab95b42158
P 0x55ab95b88e98
P 0x55ab95bfa980
C 446
R
P 0x55ab95b42158
P 0x55ab95b95728
C 480
R
P 0x55ab95b42158
P 0x55ab95b95728
U 528
C 481
= 0x55ab95bdca58
R
P 0x55ab95b42158
P 0x55ab95b88e98
P 0x55ab95bdca58
C 446
R
P 0x55ab95b42158
P 0x55ab95b95728
C 480
R
P 0x55ab95b42158
P 0x55ab95b95728
U 529
C 481
= 0x55ab95bdca90
R
P 0x55ab95b42158
P 0x55ab95b88e98
P 0x55ab95bdca90
C 446
R
P 0x55ab95b42158
P 0x55ab95b95728
C 480
R
P 0x55ab95b42158
P 0x55ab95b95728
U 530
C 481
= 0x55ab95bdcac8
R
P 0x55ab95b42158
P 0x55ab95b88e98
P 0x55ab95bdcac8
C 446
R
P 0x55ab95b42158
P 0x55ab95b95728
C 480
R
P 0x55ab95b42158
P 0x55ab95b95728
U 531
C 481
= 0x55ab95bf30f8
R
P 0x55ab95b42158
P 0x55ab95b88e98
P 0x55ab95bf30f8
C 446
R
P 0x55ab95b42158
P 0x55ab95b95728
C 480
R
P 0x55ab95b42158
P 0x55ab95b95728
U 532
C 481
= 0x55ab95bdcba8
R
P 0x55ab95b42158
P 0x55ab95b88e98
P 0x55ab95bdcba8
C 446
R
P 0x55ab95b42158
P 0x55ab95b95728
C 480
R
P 0x55ab95b42158
P 0x55ab95b95728
U 533
C 481
= 0x55ab95bdcbe0
R
P 0x55ab95b42158
P 0x55ab95b88e98
P 0x55ab95bdcbe0
C 446
R
P 0x55ab95b42158
P 0x55ab95b95728
C 480
R
P 0x55ab95b42158
P 0x55ab95b95728
U 534
C 481
= 0x55ab95bdccc0
R
P 0x55ab95b42158
P 0x55ab95b88e98
P 0x55ab95bdccc0
C 446
R
P 0x55ab95b42158
P 0x55ab95b95728
C 480
R
P 0x55ab95b42158
P 0x55ab95b95728
U 535
C 481
= 0x55ab95bdccf8
R
P 0x55ab95b42158
P 0x55ab95b88e98
P 0x55ab95bdccf8
C 446
R
P 0x55ab95b42158
P 0x55ab95b95728
C 480
R
P 0x55ab95b42158
P 0x55ab95b95728
U 536
C 481
= 0x55ab95bdcd30
R
P 0x55ab95b42158
P 0x55ab95b88e98
P 0x55ab95bdcd30
C 446
R
P 0x55ab95b42158
P 0x55ab95b95728
C 480
R
P 0x55ab95b42158
P 0x55ab95b95728
U 537
C 481
= 0x55ab95bf3178
R
P 0x55ab95b42158
P 0x55ab95b88e98
P 0x55ab95bf3178
C 446
R
P 0x55ab95b42158
P 0x55ab95b95728
C 480
R
P 0x55ab95b42158
P 0x55ab95b95728
U 538
C 481
= 0x55ab95bdce10
R
P 0x55ab95b42158
P 0x55ab95b88e98
P 0x55ab95bdce10
C 446
R
P 0x55ab95b42158
P 0x55ab95b95728
C 480
R
P 0x55ab95b42158
P 0x55ab95b95728
U 539
C 481
= 0x55ab95bdce48
R
P 0x55ab95b42158
P 0x55ab95b88e98
P 0x55ab95bdce48
C 446
R
P 0x55ab95b42158
P 0x55ab95b95728
C 480
R
P 0x55ab95b42158
P 0x55ab95b95728
U 540
C 481
= 0x55ab95bdcf28
R
P 0x55ab95b42158
P 0x55ab95b88e98
P 0x55ab95bdcf28
C 446
R
P 0x55ab95b42158
P 0x55ab95b95728
C 480
R
P 0x55ab95b42158
P 0x55ab95b95728
U 541
C 481
= 0x55ab95bdcf60
R
P 0x55ab95b42158
P 0x55ab95b88e98
P 0x55ab95bdcf60
C 446
R
P 0x55ab95b42158
P 0x55ab95b95728
C 480
R
P 0x55ab95b42158
P 0x55ab95b95728
U 542
C 481
= 0x55ab95bdcf98
R
P 0x55ab95b42158
P 0x55ab95b88e98
P 0x55ab95bdcf98
C 446
R
P 0x55ab95b42158
P 0x55ab95b95728
C 480
R
P 0x55ab95b42158
P 0x55ab95b95728
U 543
C 481
= 0x55ab95bf31f8
R
P 0x55ab95b42158
P 0x55ab95b88e98
P 0x55ab95bf31f8
C 446
R
P 0x55ab95b42158
P 0x55ab95b95728
C 480
R
P 0x55ab95b42158
P 0x55ab95b95728
U 544
C 481
= 0x55ab95bdd078
R
P 0x55ab95b42158
P 0x55ab95b88e98
P 0x55ab95bdd078
C 446
R
P 0x55ab95b42158
P 0x55ab95b95728
C 480
R
P 0x55ab95b42158
P 0x55ab95b95728
U 545
C 481
= 0x55ab95bdd0b0
R
P 0x55ab95b42158
P 0x55ab95b88e98
P 0x55ab95bdd0b0
C 446
R
P 0x55ab95b42158
P 0x55ab95b95728
C 480
R
P 0x55ab95b42158
P 0x55ab95b95728
U 546
C 481
= 0x55ab95bdd190
R
P 0x55ab95b42158
P 0x55ab95b88e98
P 0x55ab95bdd190
C 446
R
P 0x55ab95b42158
P 0x55ab95b95728
C 480
R
P 0x55ab95b42158
P 0x55ab95b95728
U 547
C 481
= 0x55ab95bdd1c8
R
P 0x55ab95b42158
P 0x55ab95b88e98
P 0x55ab95bdd1c8
C 446
R
P 0x55ab95b42158
P 0x55ab95b95728
C 480
R
P 0x55ab95b42158
P 0x55ab95b95728
U 548
C 481
= 0x55ab95bdd200
R
P 0x55ab95b42158
P 0x55ab95b88e98
P 0x55ab95bdd200
C 446
R
P 0x55ab95b42158
P 0x55ab95b95728
C 480
R
P 0x55ab95b42158
P 0x55ab95b95728
U 549
C 481
= 0x55ab95bf3278
R
P 0x55ab95b42158
P 0x55ab95b88e98
P 0x55ab95bf3278
C 446
R
P 0x55ab95b42158
P 0x55ab95b95728
C 480
R
P 0x55ab95b42158
P 0x55ab95b95728
U 550
C 481
= 0x55ab95bdd2e0
R
P 0x55ab95b42158
P 0x55ab95b88e98
P 0x55ab95bdd2e0
C 446
R
P 0x55ab95b42158
P 0x55ab95b95728
C 480
R
P 0x55ab95b42158
P 0x55ab95b95728
U 551
C 481
= 0x55ab95bdd318
R
P 0x55ab95b42158
P 0x55ab95b88e98
P 0x55ab95bdd318
C 446
R
P 0x55ab95b42158
P 0x55ab95b95728
C 480
R
P 0x55ab95b42158
P 0x55ab95b95728
U 552
C 481
= 0x55ab95bdd3f8
R
P 0x55ab95b42158
P 0x55ab95b88e98
P 0x55ab95bdd3f8
C 446
R
P 0x55ab95b42158
P 0x55ab95b95728
C 480
R
P 0x55ab95b42158
P 0x55ab95b95728
U 553
C 481
= 0x55ab95bdd430
R
P 0x55ab95b42158
P 0x55ab95b88e98
P 0x55ab95bdd430
C 446
R
P 0x55ab95b42158
P 0x55ab95b95728
C 480
R
P 0x55ab95b42158
P 0x55ab95b95728
U 554
C 481
= 0x55ab95bdd468
R
P 0x55ab95b42158
P 0x55ab95b88e98
P 0x55ab95bdd468
C 446
R
P 0x55ab95b42158
P 0x55ab95b95728
C 480
R
P 0x55ab95b42158
P 0x55ab95b95728
U 555
C 481
= 0x55ab95bf32f8
R
P 0x55ab95b42158
P 0x55ab95b88e98
P 0x55ab95bf32f8
C 446
R
P 0x55ab95b42158
P 0x55ab95b95728
C 480
R
P 0x55ab95b42158
P 0x55ab95b95728
U 556
C 481
= 0x55ab95bdd628
R
P 0x55ab95b42158
P 0x55ab95b88e98
P 0x55ab95bdd628
C 446
R
P 0x55ab95b42158
P 0x55ab95b95728
C 480
R
P 0x55ab95b42158
P 0x55ab95b95728
U 557
C 481
= 0x55ab95bdd660
R
P 0x55ab95b42158
P 0x55ab95b88e98
P 0x55ab95bdd660
C 446
R
P 0x55ab95b42158
P 0x55ab95b95728
C 480
R
P 0x55ab95b42158
P 0x55ab95b95728
U 558
C 481
= 0x55ab95b4d7b8
R
P 0x55ab95b42158
P 0x55ab95b88e98
P 0x55ab95b4d7b8
C 446
R
P 0x55ab95b42158
P 0x55ab95b95728
C 480
R
P 0x55ab95b42158
P 0x55ab95b95728
U 559
C 481
= 0x55ab95bf5d78
R
P 0x55ab95b42158
P 0x55ab95b88e98
P 0x55ab95bf5d78
C 446
R
P 0x55ab95b42158
P 0x55ab95b95728
C 480
R
P 0x55ab95b42158
P 0x55ab95b95728
U 560
C 481
= 0x55ab95bf5da8
R
P 0x55ab95b42158
P 0x55ab95b88e98
P 0x55ab95bf5da8
C 446
R
P 0x55ab95b42158
P 0x55ab95b95728
C 480
R
P 0x55ab95b42158
P 0x55ab95b95728
U 561
C 481
= 0x55ab95bf5dd8
R
P 0x55ab95b42158
P 0x55ab95b88e98
P 0x55ab95bf5dd8
C 446
R
P 0x55ab95b42158
P 0x55ab95b95728
C 480
R
P 0x55ab95b42158
P 0x55ab95b88e98
C 455
R
P 0x55ab95b42158
P 0x55ab95b88e98
C 460
= 0x55ab95fa1048
R
P 0x55ab95b42158
P 0x55ab95fa1048
C 318
R
P 0x55ab95b42158
P 0x55ab95fa1048
C 355
R
P 0x55ab95b42158
P 0x55ab95fa1048
C 319
R
P 0x55ab95b42158
P 0x55ab95b88e98
C 440
R
P 0x55ab95b42158
C 8
